2019-07-11 11:03:12
Array
(
    [Url] => api.zhahehe.com/v1/payment/success
    [UsrAgent] => Mozilla/5.0 (Windows NT 6.1; WOW64) AppleWebKit/537.36 (KHTML, like Gecko) Chrome/70.0.3538.102 Safari/537.36
    [Prama] => Array
        (
            [50x_html] => 
        )

)

2019-07-11 11:03:24
Array
(
    [Url] => api.zhahehe.com/v1/payment/success
    [UsrAgent] => Mozilla/5.0 (Windows NT 6.1; WOW64) AppleWebKit/537.36 (KHTML, like Gecko) Chrome/70.0.3538.102 Safari/537.36
    [Prama] => Array
        (
            [v1/payment/success] => 
        )

)

2019-07-11 11:03:24
Array
(
    [Url] => api.zhahehe.com/v1/payment/success
    [UsrAgent] => Mozilla/5.0 (Windows NT 6.1; WOW64) AppleWebKit/537.36 (KHTML, like Gecko) Chrome/70.0.3538.102 Safari/537.36
    [Prama] => Array
        (
            [v1/payment/success] => 
        )

)

2019-07-11 11:03:25
Array
(
    [Url] => api.zhahehe.com/v1/payment/success
    [UsrAgent] => Mozilla/5.0 (Windows NT 6.1; WOW64) AppleWebKit/537.36 (KHTML, like Gecko) Chrome/70.0.3538.102 Safari/537.36
    [Prama] => Array
        (
            [v1/payment/success] => 
        )

)

2019-07-11 11:03:25
Array
(
    [Url] => api.zhahehe.com/v1/payment/success
    [UsrAgent] => Mozilla/5.0 (Windows NT 6.1; WOW64) AppleWebKit/537.36 (KHTML, like Gecko) Chrome/70.0.3538.102 Safari/537.36
    [Prama] => Array
        (
            [v1/payment/success] => 
        )

)

2019-07-11 11:03:25
Array
(
    [Url] => api.zhahehe.com/v1/payment/success
    [UsrAgent] => Mozilla/5.0 (Windows NT 6.1; WOW64) AppleWebKit/537.36 (KHTML, like Gecko) Chrome/70.0.3538.102 Safari/537.36
    [Prama] => Array
        (
            [v1/payment/success] => 
        )

)

2019-07-11 11:03:26
Array
(
    [Url] => api.zhahehe.com/v1/payment/success
    [UsrAgent] => Mozilla/5.0 (Windows NT 6.1; WOW64) AppleWebKit/537.36 (KHTML, like Gecko) Chrome/70.0.3538.102 Safari/537.36
    [Prama] => Array
        (
            [v1/payment/success] => 
        )

)

2019-07-11 11:03:26
Array
(
    [Url] => api.zhahehe.com/v1/payment/success
    [UsrAgent] => Mozilla/5.0 (Windows NT 6.1; WOW64) AppleWebKit/537.36 (KHTML, like Gecko) Chrome/70.0.3538.102 Safari/537.36
    [Prama] => Array
        (
            [v1/payment/success] => 
        )

)

2019-07-11 11:03:26
Array
(
    [Url] => api.zhahehe.com/v1/payment/success
    [UsrAgent] => Mozilla/5.0 (Windows NT 6.1; WOW64) AppleWebKit/537.36 (KHTML, like Gecko) Chrome/70.0.3538.102 Safari/537.36
    [Prama] => Array
        (
            [v1/payment/success] => 
        )

)

2019-07-11 11:03:26
Array
(
    [Url] => api.zhahehe.com/v1/payment/success
    [UsrAgent] => Mozilla/5.0 (Windows NT 6.1; WOW64) AppleWebKit/537.36 (KHTML, like Gecko) Chrome/70.0.3538.102 Safari/537.36
    [Prama] => Array
        (
            [v1/payment/success] => 
        )

)

2019-07-11 11:03:27
Array
(
    [Url] => api.zhahehe.com/v1/payment/success
    [UsrAgent] => Mozilla/5.0 (Windows NT 6.1; WOW64) AppleWebKit/537.36 (KHTML, like Gecko) Chrome/70.0.3538.102 Safari/537.36
    [Prama] => Array
        (
            [v1/payment/success] => 
        )

)

2019-07-11 11:03:43
Array
(
    [Url] => api.zhahehe.com/v1/payment/success
    [UsrAgent] => Mozilla/5.0 (Windows NT 6.1; WOW64) AppleWebKit/537.36 (KHTML, like Gecko) Chrome/70.0.3538.102 Safari/537.36
    [Prama] => Array
        (
            [v1/payment/success] => 
            [indexif] => test
        )

)

2019-07-11 11:03:52
Array
(
    [Url] => api.zhahehe.com/v1/payment/success
    [UsrAgent] => Mozilla/5.0 (Windows NT 6.1; WOW64) AppleWebKit/537.36 (KHTML, like Gecko) Chrome/70.0.3538.102 Safari/537.36
    [Prama] => Array
        (
            [v1/payment/success] => 
            [identif] => test
        )

)

2019-07-11 11:08:11
Array
(
    [Url] => api.zhahehe.com/v1/payment/success
    [UsrAgent] => Mozilla/5.0 (Windows NT 6.1; WOW64) AppleWebKit/537.36 (KHTML, like Gecko) Chrome/70.0.3538.102 Safari/537.36
    [Prama] => Array
        (
            [v1/payment/success] => 
        )

)

2019-07-11 11:09:57
Array
(
    [Url] => api.zhahehe.com/v1/payment/success
    [UsrAgent] => Mozilla/5.0 (Windows NT 6.1; WOW64) AppleWebKit/537.36 (KHTML, like Gecko) Chrome/70.0.3538.102 Safari/537.36
    [Prama] => Array
        (
            [v1/payment/success] => 
        )

)

2019-07-11 11:11:01
Array
(
    [Url] => api.zhahehe.com/v1/hfb/scanpay
    [UsrAgent] => Mozilla/5.0 (Windows NT 6.1; WOW64) AppleWebKit/537.36 (KHTML, like Gecko) Chrome/70.0.3538.102 Safari/537.36
    [Prama] => Array
        (
            [v1/hfb/scanpay] => 
        )

)

2019-07-11 11:11:28
Array
(
    [Url] => api.zhahehe.com/v1/payment/success
    [UsrAgent] => Mozilla/5.0 (Windows NT 6.1; WOW64) AppleWebKit/537.36 (KHTML, like Gecko) Chrome/70.0.3538.102 Safari/537.36
    [Prama] => Array
        (
            [v1/payment/success] => 
        )

)

2019-07-11 11:11:29
Array
(
    [Url] => api.zhahehe.com/v1/payment/success
    [UsrAgent] => Mozilla/5.0 (Windows NT 6.1; WOW64) AppleWebKit/537.36 (KHTML, like Gecko) Chrome/70.0.3538.102 Safari/537.36
    [Prama] => Array
        (
            [v1/payment/success] => 
        )

)

2019-07-11 11:15:24
Array
(
    [Url] => api.zhahehe.com/v1/Machine/log
    [UsrAgent] => Mozilla/5.0 (Linux; Android 8.0.0; Pixel 2 XL Build/OPD1.170816.004) AppleWebKit/537.36 (KHTML, like Gecko) Chrome/70.0.3538.102 Mobile Safari/537.36
    [Prama] => Array
        (
            [v1/Machine/log] => 
        )

)

2019-07-11 11:15:31
Array
(
    [Url] => api.zhahehe.com/v1/Machine/logview
    [UsrAgent] => Mozilla/5.0 (Linux; Android 8.0.0; Pixel 2 XL Build/OPD1.170816.004) AppleWebKit/537.36 (KHTML, like Gecko) Chrome/70.0.3538.102 Mobile Safari/537.36
    [Prama] => Array
        (
            [v1/Machine/logview] => 
        )

)

2019-07-11 11:15:33
Array
(
    [Url] => api.zhahehe.com/v1/Machine/logview
    [UsrAgent] => Mozilla/5.0 (Linux; Android 8.0.0; Pixel 2 XL Build/OPD1.170816.004) AppleWebKit/537.36 (KHTML, like Gecko) Chrome/70.0.3538.102 Mobile Safari/537.36
    [Prama] => Array
        (
            [v1/Machine/logview] => 
        )

)

2019-07-11 11:21:54
Array
(
    [Url] => api.zhahehe.com/v1/Machine/logview
    [UsrAgent] => Mozilla/5.0 (Linux; Android 8.0.0; Pixel 2 XL Build/OPD1.170816.004) AppleWebKit/537.36 (KHTML, like Gecko) Chrome/70.0.3538.102 Mobile Safari/537.36
    [Prama] => Array
        (
            [v1/Machine/logview] => 
        )

)

2019-07-11 11:21:55
Array
(
    [Url] => api.zhahehe.com/v1/Machine/logview
    [UsrAgent] => Mozilla/5.0 (Linux; Android 8.0.0; Pixel 2 XL Build/OPD1.170816.004) AppleWebKit/537.36 (KHTML, like Gecko) Chrome/70.0.3538.102 Mobile Safari/537.36
    [Prama] => Array
        (
            [v1/Machine/logview] => 
        )

)

2019-07-11 11:24:12
Array
(
    [Url] => api.zhahehe.com/v1/Machine/logview
    [UsrAgent] => Mozilla/5.0 (Linux; Android 8.0.0; Pixel 2 XL Build/OPD1.170816.004) AppleWebKit/537.36 (KHTML, like Gecko) Chrome/70.0.3538.102 Mobile Safari/537.36
    [Prama] => Array
        (
            [v1/Machine/logview] => 
        )

)

2019-07-11 11:24:14
Array
(
    [Url] => api.zhahehe.com/v1/Machine/logview
    [UsrAgent] => Mozilla/5.0 (Linux; Android 8.0.0; Pixel 2 XL Build/OPD1.170816.004) AppleWebKit/537.36 (KHTML, like Gecko) Chrome/70.0.3538.102 Mobile Safari/537.36
    [Prama] => Array
        (
            [v1/Machine/logview] => 
        )

)

2019-07-11 11:32:39
Array
(
    [Url] => api.zhahehe.com/v1/Machine/logview
    [UsrAgent] => Mozilla/5.0 (Linux; Android 8.0.0; Pixel 2 XL Build/OPD1.170816.004) AppleWebKit/537.36 (KHTML, like Gecko) Chrome/70.0.3538.102 Mobile Safari/537.36
    [Prama] => Array
        (
            [v1/Machine/logview] => 
        )

)

2019-07-11 11:33:16
Array
(
    [Url] => api.zhahehe.com/v1/Machine/logview
    [UsrAgent] => Mozilla/5.0 (Linux; Android 8.0.0; Pixel 2 XL Build/OPD1.170816.004) AppleWebKit/537.36 (KHTML, like Gecko) Chrome/70.0.3538.102 Mobile Safari/537.36
    [Prama] => Array
        (
            [v1/Machine/logview] => 
        )

)

2019-07-11 11:33:48
Array
(
    [Url] => api.zhahehe.com/v1/Machine/logview
    [UsrAgent] => Mozilla/5.0 (Linux; Android 8.0.0; Pixel 2 XL Build/OPD1.170816.004) AppleWebKit/537.36 (KHTML, like Gecko) Chrome/70.0.3538.102 Mobile Safari/537.36
    [Prama] => Array
        (
            [v1/Machine/logview] => 
        )

)

2019-07-11 11:35:50
Array
(
    [Url] => api.zhahehe.com/v1/Machine/logview
    [UsrAgent] => Mozilla/5.0 (Linux; Android 8.0.0; Pixel 2 XL Build/OPD1.170816.004) AppleWebKit/537.36 (KHTML, like Gecko) Chrome/70.0.3538.102 Mobile Safari/537.36
    [Prama] => Array
        (
            [v1/Machine/logview] => 
        )

)

2019-07-11 11:38:42
Array
(
    [Url] => api.zhahehe.com/v1/Machine/logview
    [UsrAgent] => Mozilla/5.0 (Linux; Android 8.0.0; Pixel 2 XL Build/OPD1.170816.004) AppleWebKit/537.36 (KHTML, like Gecko) Chrome/70.0.3538.102 Mobile Safari/537.36
    [Prama] => Array
        (
            [v1/Machine/logview] => 
        )

)

2019-07-11 11:39:04
Array
(
    [Url] => api.zhahehe.com/v1/Machine/logview
    [UsrAgent] => Mozilla/5.0 (Linux; Android 8.0.0; Pixel 2 XL Build/OPD1.170816.004) AppleWebKit/537.36 (KHTML, like Gecko) Chrome/70.0.3538.102 Mobile Safari/537.36
    [Prama] => Array
        (
            [v1/Machine/logview] => 
        )

)

2019-07-11 11:39:11
Array
(
    [Url] => api.zhahehe.com/v1/Machine/logview
    [UsrAgent] => Mozilla/5.0 (Linux; Android 8.0.0; Pixel 2 XL Build/OPD1.170816.004) AppleWebKit/537.36 (KHTML, like Gecko) Chrome/70.0.3538.102 Mobile Safari/537.36
    [Prama] => Array
        (
            [v1/Machine/logview] => 
        )

)

2019-07-11 11:40:15
Array
(
    [Url] => api.zhahehe.com/v1/Machine/logview
    [UsrAgent] => Mozilla/5.0 (Linux; Android 8.0.0; Pixel 2 XL Build/OPD1.170816.004) AppleWebKit/537.36 (KHTML, like Gecko) Chrome/70.0.3538.102 Mobile Safari/537.36
    [Prama] => Array
        (
            [v1/Machine/logview] => 
        )

)

2019-07-11 11:40:25
Array
(
    [Url] => api.zhahehe.com/v1/Machine/logview
    [UsrAgent] => Mozilla/5.0 (Linux; Android 8.0.0; Pixel 2 XL Build/OPD1.170816.004) AppleWebKit/537.36 (KHTML, like Gecko) Chrome/70.0.3538.102 Mobile Safari/537.36
    [Prama] => Array
        (
            [v1/Machine/logview] => 
        )

)

2019-07-11 11:40:51
Array
(
    [Url] => api.zhahehe.com/v1/Machine/logview
    [UsrAgent] => Mozilla/5.0 (Linux; Android 8.0.0; Pixel 2 XL Build/OPD1.170816.004) AppleWebKit/537.36 (KHTML, like Gecko) Chrome/70.0.3538.102 Mobile Safari/537.36
    [Prama] => Array
        (
            [v1/Machine/logview] => 
        )

)

2019-07-11 11:41:43
Array
(
    [Url] => api.zhahehe.com/v1/Machine/logview
    [UsrAgent] => Mozilla/5.0 (Linux; Android 8.0.0; Pixel 2 XL Build/OPD1.170816.004) AppleWebKit/537.36 (KHTML, like Gecko) Chrome/70.0.3538.102 Mobile Safari/537.36
    [Prama] => Array
        (
            [v1/Machine/logview] => 
            [self_code] => 10001322100002
        )

)

2019-07-11 11:41:49
Array
(
    [Url] => api.zhahehe.com/v1/Machine/logview
    [UsrAgent] => Mozilla/5.0 (Linux; Android 8.0.0; Pixel 2 XL Build/OPD1.170816.004) AppleWebKit/537.36 (KHTML, like Gecko) Chrome/70.0.3538.102 Mobile Safari/537.36
    [Prama] => Array
        (
            [v1/Machine/logview] => 
            [self_code] => 10001322100002
        )

)

2019-07-11 11:42:15
Array
(
    [Url] => api.zhahehe.com/v1/Machine/logview
    [UsrAgent] => Mozilla/5.0 (Linux; Android 8.0.0; Pixel 2 XL Build/OPD1.170816.004) AppleWebKit/537.36 (KHTML, like Gecko) Chrome/70.0.3538.102 Mobile Safari/537.36
    [Prama] => Array
        (
            [v1/Machine/logview] => 
            [self_code] => 10001322100002
        )

)

2019-07-11 11:42:16
Array
(
    [Url] => api.zhahehe.com/v1/Machine/logview
    [UsrAgent] => Mozilla/5.0 (Linux; Android 8.0.0; Pixel 2 XL Build/OPD1.170816.004) AppleWebKit/537.36 (KHTML, like Gecko) Chrome/70.0.3538.102 Mobile Safari/537.36
    [Prama] => Array
        (
            [v1/Machine/logview] => 
            [self_code] => 10001322100002
        )

)

2019-07-11 11:42:17
Array
(
    [Url] => api.zhahehe.com/v1/Machine/logview
    [UsrAgent] => Mozilla/5.0 (Linux; Android 8.0.0; Pixel 2 XL Build/OPD1.170816.004) AppleWebKit/537.36 (KHTML, like Gecko) Chrome/70.0.3538.102 Mobile Safari/537.36
    [Prama] => Array
        (
            [v1/Machine/logview] => 
            [self_code] => 10001322100002
        )

)

2019-07-11 11:42:17
Array
(
    [Url] => api.zhahehe.com/v1/Machine/logview
    [UsrAgent] => Mozilla/5.0 (Linux; Android 8.0.0; Pixel 2 XL Build/OPD1.170816.004) AppleWebKit/537.36 (KHTML, like Gecko) Chrome/70.0.3538.102 Mobile Safari/537.36
    [Prama] => Array
        (
            [v1/Machine/logview] => 
            [self_code] => 10001322100002
        )

)

2019-07-11 12:01:33
Array
(
    [Url] => api.zhahehe.com/v1/Machine/logview
    [UsrAgent] => Mozilla/5.0 (Windows NT 6.1; WOW64) AppleWebKit/537.36 (KHTML, like Gecko) Chrome/70.0.3538.102 Safari/537.36
    [Prama] => Array
        (
            [v1/Machine/logview] => 
        )

)

2019-07-11 12:01:33
Array
(
    [Url] => api.zhahehe.com/v1/Machine/logview
    [UsrAgent] => Mozilla/5.0 (Windows NT 6.1; WOW64) AppleWebKit/537.36 (KHTML, like Gecko) Chrome/70.0.3538.102 Safari/537.36
    [Prama] => Array
        (
            [v1/Machine/logview] => 
        )

)

2019-07-11 12:01:33
Array
(
    [Url] => api.zhahehe.com/v1/Machine/logview
    [UsrAgent] => Mozilla/5.0 (Windows NT 6.1; WOW64) AppleWebKit/537.36 (KHTML, like Gecko) Chrome/70.0.3538.102 Safari/537.36
    [Prama] => Array
        (
            [v1/Machine/logview] => 
        )

)

2019-07-11 12:01:45
Array
(
    [Url] => api.zhahehe.com/v1/Machine/logview
    [UsrAgent] => Mozilla/5.0 (Windows NT 6.1; WOW64) AppleWebKit/537.36 (KHTML, like Gecko) Chrome/70.0.3538.102 Safari/537.36
    [Prama] => Array
        (
            [v1/Machine/logview] => 
        )

)

2019-07-11 12:02:33
Array
(
    [Url] => api.zhahehe.com/v1/Machine/logview
    [UsrAgent] => Mozilla/5.0 (Windows NT 6.1; WOW64) AppleWebKit/537.36 (KHTML, like Gecko) Chrome/70.0.3538.102 Safari/537.36
    [Prama] => Array
        (
            [v1/Machine/logview] => 
        )

)

2019-07-11 12:04:02
Array
(
    [Url] => api.zhahehe.com/v1/Machine/logview
    [UsrAgent] => Mozilla/5.0 (Windows NT 6.1; WOW64) AppleWebKit/537.36 (KHTML, like Gecko) Chrome/70.0.3538.102 Safari/537.36
    [Prama] => Array
        (
            [v1/Machine/logview] => 
        )

)

2019-07-11 12:04:29
Array
(
    [Url] => api.zhahehe.com/v1/Machine/logview
    [UsrAgent] => Mozilla/5.0 (Windows NT 6.1; WOW64) AppleWebKit/537.36 (KHTML, like Gecko) Chrome/70.0.3538.102 Safari/537.36
    [Prama] => Array
        (
            [v1/Machine/logview] => 
        )

)

2019-07-11 12:04:30
Array
(
    [Url] => api.zhahehe.com/v1/Machine/logview
    [UsrAgent] => Mozilla/5.0 (Windows NT 6.1; WOW64) AppleWebKit/537.36 (KHTML, like Gecko) Chrome/70.0.3538.102 Safari/537.36
    [Prama] => Array
        (
            [v1/Machine/logview] => 
        )

)

2019-07-11 12:04:30
Array
(
    [Url] => api.zhahehe.com/v1/Machine/logview
    [UsrAgent] => Mozilla/5.0 (Windows NT 6.1; WOW64) AppleWebKit/537.36 (KHTML, like Gecko) Chrome/70.0.3538.102 Safari/537.36
    [Prama] => Array
        (
            [v1/Machine/logview] => 
        )

)

2019-07-11 12:04:30
Array
(
    [Url] => api.zhahehe.com/v1/Machine/logview
    [UsrAgent] => Mozilla/5.0 (Windows NT 6.1; WOW64) AppleWebKit/537.36 (KHTML, like Gecko) Chrome/70.0.3538.102 Safari/537.36
    [Prama] => Array
        (
            [v1/Machine/logview] => 
        )

)

2019-07-11 12:04:30
Array
(
    [Url] => api.zhahehe.com/v1/Machine/logview
    [UsrAgent] => Mozilla/5.0 (Windows NT 6.1; WOW64) AppleWebKit/537.36 (KHTML, like Gecko) Chrome/70.0.3538.102 Safari/537.36
    [Prama] => Array
        (
            [v1/Machine/logview] => 
        )

)

2019-07-11 12:04:31
Array
(
    [Url] => api.zhahehe.com/v1/Machine/logview
    [UsrAgent] => Mozilla/5.0 (Windows NT 6.1; WOW64) AppleWebKit/537.36 (KHTML, like Gecko) Chrome/70.0.3538.102 Safari/537.36
    [Prama] => Array
        (
            [v1/Machine/logview] => 
        )

)

2019-07-11 12:04:31
Array
(
    [Url] => api.zhahehe.com/v1/Machine/logview
    [UsrAgent] => Mozilla/5.0 (Windows NT 6.1; WOW64) AppleWebKit/537.36 (KHTML, like Gecko) Chrome/70.0.3538.102 Safari/537.36
    [Prama] => Array
        (
            [v1/Machine/logview] => 
        )

)

2019-07-11 12:04:31
Array
(
    [Url] => api.zhahehe.com/v1/Machine/logview
    [UsrAgent] => Mozilla/5.0 (Windows NT 6.1; WOW64) AppleWebKit/537.36 (KHTML, like Gecko) Chrome/70.0.3538.102 Safari/537.36
    [Prama] => Array
        (
            [v1/Machine/logview] => 
        )

)

