# LogFrom:d:/zzh/qdds/public/index.php LogSetPath:SQL/sql #

2019-07-09 16:57:09 OUTPUT:SELECT `id`,`parent`,`action`,`method`,`modules`,`name` FROM `qdd_auth_permission` WHERE `modules` = Machine AND `method` = Machineservicelog AND `action` = list AND `type` = 5 AND `is_del` = 2 LIMIT 1
2019-07-09 16:57:09 OUTPUT:SELECT `id`,`parent`,`action`,`method`,`modules`,`name` FROM `qdd_auth_permission` WHERE `id` = 511 AND `type` = 5 AND `is_del` = 2 LIMIT 1
2019-07-09 16:57:10 OUTPUT:SELECT * FROM `qdd_admin` WHERE `id` = 3 LIMIT 1
2019-07-09 16:57:10 OUTPUT:select a.* from qdd_auth_permission as a,qdd_auth_role_permission as b where b.role_id = 1 and b.permission_id = a.id and a.is_del = 2 and b.is_del = 2
2019-07-09 16:57:11 OUTPUT:SELECT `id`,`parent`,`action`,`method`,`modules`,`name` FROM `qdd_auth_permission` WHERE `modules` = Machine AND `method` = Machineservicelog AND `action` = list AND `type` = 5 AND `is_del` = 2 LIMIT 1
2019-07-09 16:57:11 OUTPUT:SELECT `id`,`parent`,`action`,`method`,`modules`,`name` FROM `qdd_auth_permission` WHERE `id` = 511 AND `type` = 5 AND `is_del` = 2 LIMIT 1
2019-07-09 16:57:11 OUTPUT:SELECT * FROM `qdd_admin` WHERE `id` = 3 LIMIT 1
2019-07-09 16:57:11 OUTPUT:select a.* from qdd_auth_permission as a,qdd_auth_role_permission as b where b.role_id = 1 and b.permission_id = a.id and a.is_del = 2 and b.is_del = 2
2019-07-09 16:57:11 OUTPUT:SELECT * FROM `qdd_admin` WHERE `id` = 3 LIMIT 1
2019-07-09 16:57:11 OUTPUT:SELECT machine_service_log.id,machine_service_log.machine_id,machine_service_log.machine_name,machine_service_log.admin_id,machine_service_log.admin_name,machine_service_log.note,machine_service_log.created_at FROM qdd_machineservicelog machine_service_log LEFT JOIN qdd_machine machine ON machine_service_log.machine_id = machine.id WHERE 1=1 and machine_service_log.is_del = '2' and machine_service_log.supplier_id = '10001' ORDER BY machine_service_log. id DESC LIMIT 0,10
2019-07-09 16:57:11 OUTPUT:SELECT count(*) as aggregate FROM qdd_machineservicelog machine_service_log LEFT JOIN qdd_machine machine ON machine_service_log.machine_id = machine.id WHERE 1=1 and machine_service_log.is_del = '2' and machine_service_log.supplier_id = '10001' ORDER BY machine_service_log. id DESC
2019-07-09 16:57:12 OUTPUT:SELECT `id`,`parent`,`action`,`method`,`modules`,`name` FROM `qdd_auth_permission` WHERE `modules` = Machine AND `method` = Machineservicelog AND `action` = list AND `type` = 5 AND `is_del` = 2 LIMIT 1
2019-07-09 16:57:12 OUTPUT:SELECT `id`,`parent`,`action`,`method`,`modules`,`name` FROM `qdd_auth_permission` WHERE `id` = 511 AND `type` = 5 AND `is_del` = 2 LIMIT 1
2019-07-09 16:57:12 OUTPUT:SELECT * FROM `qdd_admin` WHERE `id` = 3 LIMIT 1
2019-07-09 16:57:13 OUTPUT:select a.* from qdd_auth_permission as a,qdd_auth_role_permission as b where b.role_id = 1 and b.permission_id = a.id and a.is_del = 2 and b.is_del = 2
2019-07-09 16:57:13 OUTPUT:SELECT `id`,`parent`,`action`,`method`,`modules`,`name` FROM `qdd_auth_permission` WHERE `modules` = Machine AND `method` = Machineservicelog AND `action` = list AND `type` = 5 AND `is_del` = 2 LIMIT 1
2019-07-09 16:57:13 OUTPUT:SELECT `id`,`parent`,`action`,`method`,`modules`,`name` FROM `qdd_auth_permission` WHERE `id` = 511 AND `type` = 5 AND `is_del` = 2 LIMIT 1
2019-07-09 16:57:13 OUTPUT:SELECT * FROM `qdd_admin` WHERE `id` = 3 LIMIT 1
2019-07-09 16:57:13 OUTPUT:select a.* from qdd_auth_permission as a,qdd_auth_role_permission as b where b.role_id = 1 and b.permission_id = a.id and a.is_del = 2 and b.is_del = 2
2019-07-09 16:57:13 OUTPUT:SELECT * FROM `qdd_admin` WHERE `id` = 3 LIMIT 1
2019-07-09 16:57:13 OUTPUT:SELECT machine_service_log.id,machine_service_log.machine_id,machine_service_log.machine_name,machine_service_log.admin_id,machine_service_log.admin_name,machine_service_log.note,machine_service_log.created_at FROM qdd_machineservicelog machine_service_log LEFT JOIN qdd_machine machine ON machine_service_log.machine_id = machine.id WHERE 1=1 and machine_service_log.is_del = '2' and machine_service_log.supplier_id = '10001' ORDER BY machine_service_log. id DESC LIMIT 0,10
2019-07-09 16:57:13 OUTPUT:SELECT count(*) as aggregate FROM qdd_machineservicelog machine_service_log LEFT JOIN qdd_machine machine ON machine_service_log.machine_id = machine.id WHERE 1=1 and machine_service_log.is_del = '2' and machine_service_log.supplier_id = '10001' ORDER BY machine_service_log. id DESC
2019-07-09 16:57:14 OUTPUT:SELECT `id`,`parent`,`action`,`method`,`modules`,`name` FROM `qdd_auth_permission` WHERE `modules` = Index AND `method` = Index AND `action` = index AND `type` = 5 AND `is_del` = 2 LIMIT 1
2019-07-09 16:57:15 OUTPUT:SELECT * FROM `qdd_admin` WHERE `id` = 3 LIMIT 1
2019-07-09 16:57:15 OUTPUT:SELECT * FROM `qdd_admin` WHERE `id` = 3 LIMIT 1
2019-07-09 16:57:15 OUTPUT:SELECT * FROM `qdd_auth_permission` WHERE `parent` = 0 AND `is_del` = 2 AND `type` = 5 ORDER BY order_num asc 
2019-07-09 16:57:15 OUTPUT:SELECT `id`,`parent`,`action`,`method`,`modules`,`name` FROM `qdd_auth_permission` WHERE `modules` = Auth AND `method` = Auth AND `action` = index AND `type` = 5 AND `is_del` = 2 LIMIT 1
2019-07-09 16:57:15 OUTPUT:SELECT * FROM `qdd_admin` WHERE `id` = 3 LIMIT 1
2019-07-09 16:57:15 OUTPUT:SELECT `id`,`parent`,`action`,`method`,`modules`,`name` FROM `qdd_auth_permission` WHERE `modules` = Index AND `method` = Index AND `action` = index AND `type` = 5 AND `is_del` = 2 LIMIT 1
2019-07-09 16:57:15 OUTPUT:SELECT * FROM `qdd_admin` WHERE `id` = 3 LIMIT 1
2019-07-09 16:57:15 OUTPUT:SELECT * FROM `qdd_admin` WHERE `id` = 3 LIMIT 1
2019-07-09 16:57:15 OUTPUT:SELECT * FROM `qdd_auth_permission` WHERE `parent` = 0 AND `is_del` = 2 AND `type` = 5 ORDER BY order_num asc 
2019-07-09 16:57:15 OUTPUT:select a.* from qdd_auth_permission as a,qdd_auth_role_permission as b where b.role_id = 1 and b.permission_id = a.id and a.is_del = 2 and b.is_del = 2
2019-07-09 16:57:15 OUTPUT:SELECT * FROM `qdd_auth_permission` WHERE `parent` = 511 AND `is_del` = 2 AND `type` = 5 ORDER BY order_num asc 
2019-07-09 16:57:15 OUTPUT:SELECT `id`,`parent`,`action`,`method`,`modules`,`name` FROM `qdd_auth_permission` WHERE `modules` = Auth AND `method` = Auth AND `action` = index AND `type` = 5 AND `is_del` = 2 LIMIT 1
2019-07-09 16:57:16 OUTPUT:SELECT * FROM `qdd_admin` WHERE `id` = 3 LIMIT 1
2019-07-09 16:57:16 OUTPUT:SELECT `id`,`parent`,`action`,`method`,`modules`,`name` FROM `qdd_auth_permission` WHERE `modules` = Auth AND `method` = Auth AND `action` = index AND `type` = 5 AND `is_del` = 2 LIMIT 1
2019-07-09 16:57:16 OUTPUT:SELECT * FROM `qdd_admin` WHERE `id` = 3 LIMIT 1
2019-07-09 16:57:16 OUTPUT:SELECT `id`,`parent`,`action`,`method`,`modules`,`name` FROM `qdd_auth_permission` WHERE `modules` = Auth AND `method` = Auth AND `action` = index AND `type` = 5 AND `is_del` = 2 LIMIT 1
2019-07-09 16:57:16 OUTPUT:SELECT * FROM `qdd_admin` WHERE `id` = 3 LIMIT 1
2019-07-09 16:57:16 OUTPUT:SELECT `id`,`parent`,`action`,`method`,`modules`,`name` FROM `qdd_auth_permission` WHERE `modules` = Auth AND `method` = Auth AND `action` = index AND `type` = 5 AND `is_del` = 2 LIMIT 1
2019-07-09 16:57:16 OUTPUT:SELECT * FROM `qdd_admin` WHERE `id` = 3 LIMIT 1
2019-07-09 16:57:17 OUTPUT:SELECT `id`,`parent`,`action`,`method`,`modules`,`name` FROM `qdd_auth_permission` WHERE `modules` = Machine AND `method` = Machine AND `action` = list AND `type` = 5 AND `is_del` = 2 LIMIT 1
2019-07-09 16:57:17 OUTPUT:SELECT `id`,`parent`,`action`,`method`,`modules`,`name` FROM `qdd_auth_permission` WHERE `id` = 511 AND `type` = 5 AND `is_del` = 2 LIMIT 1
2019-07-09 16:57:17 OUTPUT:SELECT * FROM `qdd_admin` WHERE `id` = 3 LIMIT 1
2019-07-09 16:57:17 OUTPUT:select a.* from qdd_auth_permission as a,qdd_auth_role_permission as b where b.role_id = 1 and b.permission_id = a.id and a.is_del = 2 and b.is_del = 2
2019-07-09 16:57:17 OUTPUT:SELECT `id`,`parent`,`action`,`method`,`modules`,`name` FROM `qdd_auth_permission` WHERE `modules` = Machine AND `method` = Machine AND `action` = list AND `type` = 5 AND `is_del` = 2 LIMIT 1
2019-07-09 16:57:17 OUTPUT:SELECT `id`,`parent`,`action`,`method`,`modules`,`name` FROM `qdd_auth_permission` WHERE `id` = 511 AND `type` = 5 AND `is_del` = 2 LIMIT 1
2019-07-09 16:57:17 OUTPUT:SELECT * FROM `qdd_admin` WHERE `id` = 3 LIMIT 1
2019-07-09 16:57:17 OUTPUT:select a.* from qdd_auth_permission as a,qdd_auth_role_permission as b where b.role_id = 1 and b.permission_id = a.id and a.is_del = 2 and b.is_del = 2
2019-07-09 16:57:17 OUTPUT:SELECT `id`,`parent`,`action`,`method`,`modules`,`name` FROM `qdd_auth_permission` WHERE `modules` = Machine AND `method` = Machine AND `action` = list AND `type` = 5 AND `is_del` = 2 LIMIT 1
2019-07-09 16:57:17 OUTPUT:SELECT `id`,`parent`,`action`,`method`,`modules`,`name` FROM `qdd_auth_permission` WHERE `id` = 511 AND `type` = 5 AND `is_del` = 2 LIMIT 1
2019-07-09 16:57:17 OUTPUT:SELECT * FROM `qdd_admin` WHERE `id` = 3 LIMIT 1
2019-07-09 16:57:17 OUTPUT:select a.* from qdd_auth_permission as a,qdd_auth_role_permission as b where b.role_id = 1 and b.permission_id = a.id and a.is_del = 2 and b.is_del = 2
2019-07-09 16:57:17 OUTPUT:SELECT * FROM `qdd_admin` WHERE `id` = 3 LIMIT 1
2019-07-09 16:57:17 OUTPUT:SELECT id,name,self_code,custom_code,introduction,logo_url,note,created_at FROM qdd_machine WHERE 1=1 and is_del = '2' and supplier_id = '10001' ORDER BY id DESC LIMIT 0,10
2019-07-09 16:57:17 OUTPUT:SELECT count(*) as aggregate FROM qdd_machine WHERE 1=1 and is_del = '2' and supplier_id = '10001' ORDER BY id DESC
2019-07-09 16:57:18 OUTPUT:SELECT `id`,`parent`,`action`,`method`,`modules`,`name` FROM `qdd_auth_permission` WHERE `modules` = Machine AND `method` = Machineservicelog AND `action` = list AND `type` = 5 AND `is_del` = 2 LIMIT 1
2019-07-09 16:57:18 OUTPUT:SELECT `id`,`parent`,`action`,`method`,`modules`,`name` FROM `qdd_auth_permission` WHERE `id` = 511 AND `type` = 5 AND `is_del` = 2 LIMIT 1
2019-07-09 16:57:18 OUTPUT:SELECT * FROM `qdd_admin` WHERE `id` = 3 LIMIT 1
2019-07-09 16:57:18 OUTPUT:select a.* from qdd_auth_permission as a,qdd_auth_role_permission as b where b.role_id = 1 and b.permission_id = a.id and a.is_del = 2 and b.is_del = 2
2019-07-09 16:57:18 OUTPUT:SELECT `id`,`parent`,`action`,`method`,`modules`,`name` FROM `qdd_auth_permission` WHERE `modules` = Machine AND `method` = Machineservicelog AND `action` = list AND `type` = 5 AND `is_del` = 2 LIMIT 1
2019-07-09 16:57:18 OUTPUT:SELECT `id`,`parent`,`action`,`method`,`modules`,`name` FROM `qdd_auth_permission` WHERE `id` = 511 AND `type` = 5 AND `is_del` = 2 LIMIT 1
2019-07-09 16:57:18 OUTPUT:SELECT * FROM `qdd_admin` WHERE `id` = 3 LIMIT 1
2019-07-09 16:57:18 OUTPUT:select a.* from qdd_auth_permission as a,qdd_auth_role_permission as b where b.role_id = 1 and b.permission_id = a.id and a.is_del = 2 and b.is_del = 2
2019-07-09 16:57:18 OUTPUT:SELECT `id`,`parent`,`action`,`method`,`modules`,`name` FROM `qdd_auth_permission` WHERE `modules` = Machine AND `method` = Machineservicelog AND `action` = list AND `type` = 5 AND `is_del` = 2 LIMIT 1
2019-07-09 16:57:19 OUTPUT:SELECT `id`,`parent`,`action`,`method`,`modules`,`name` FROM `qdd_auth_permission` WHERE `id` = 511 AND `type` = 5 AND `is_del` = 2 LIMIT 1
2019-07-09 16:57:19 OUTPUT:SELECT * FROM `qdd_admin` WHERE `id` = 3 LIMIT 1
2019-07-09 16:57:19 OUTPUT:select a.* from qdd_auth_permission as a,qdd_auth_role_permission as b where b.role_id = 1 and b.permission_id = a.id and a.is_del = 2 and b.is_del = 2
2019-07-09 16:57:19 OUTPUT:SELECT * FROM `qdd_admin` WHERE `id` = 3 LIMIT 1
2019-07-09 16:57:19 OUTPUT:SELECT machine_service_log.id,machine_service_log.machine_id,machine_service_log.machine_name,machine_service_log.admin_id,machine_service_log.admin_name,machine_service_log.note,machine_service_log.created_at FROM qdd_machineservicelog machine_service_log LEFT JOIN qdd_machine machine ON machine_service_log.machine_id = machine.id WHERE 1=1 and machine_service_log.is_del = '2' and machine_service_log.supplier_id = '10001' ORDER BY machine_service_log. id DESC LIMIT 0,10
2019-07-09 16:57:19 OUTPUT:SELECT count(*) as aggregate FROM qdd_machineservicelog machine_service_log LEFT JOIN qdd_machine machine ON machine_service_log.machine_id = machine.id WHERE 1=1 and machine_service_log.is_del = '2' and machine_service_log.supplier_id = '10001' ORDER BY machine_service_log. id DESC
2019-07-09 16:57:22 OUTPUT:SELECT `id`,`parent`,`action`,`method`,`modules`,`name` FROM `qdd_auth_permission` WHERE `modules` = Machine AND `method` = Machineservicelog AND `action` = list AND `type` = 5 AND `is_del` = 2 LIMIT 1
2019-07-09 16:57:22 OUTPUT:SELECT `id`,`parent`,`action`,`method`,`modules`,`name` FROM `qdd_auth_permission` WHERE `id` = 511 AND `type` = 5 AND `is_del` = 2 LIMIT 1
2019-07-09 16:57:22 OUTPUT:SELECT * FROM `qdd_admin` WHERE `id` = 3 LIMIT 1
2019-07-09 16:57:22 OUTPUT:select a.* from qdd_auth_permission as a,qdd_auth_role_permission as b where b.role_id = 1 and b.permission_id = a.id and a.is_del = 2 and b.is_del = 2
2019-07-09 16:57:23 OUTPUT:SELECT `id`,`parent`,`action`,`method`,`modules`,`name` FROM `qdd_auth_permission` WHERE `modules` = Machine AND `method` = Machineservicelog AND `action` = list AND `type` = 5 AND `is_del` = 2 LIMIT 1
2019-07-09 16:57:23 OUTPUT:SELECT `id`,`parent`,`action`,`method`,`modules`,`name` FROM `qdd_auth_permission` WHERE `id` = 511 AND `type` = 5 AND `is_del` = 2 LIMIT 1
2019-07-09 16:57:23 OUTPUT:SELECT * FROM `qdd_admin` WHERE `id` = 3 LIMIT 1
2019-07-09 16:57:23 OUTPUT:select a.* from qdd_auth_permission as a,qdd_auth_role_permission as b where b.role_id = 1 and b.permission_id = a.id and a.is_del = 2 and b.is_del = 2
2019-07-09 16:57:23 OUTPUT:SELECT * FROM `qdd_admin` WHERE `id` = 3 LIMIT 1
2019-07-09 16:57:23 OUTPUT:SELECT machine_service_log.id,machine_service_log.machine_id,machine_service_log.machine_name,machine_service_log.admin_id,machine_service_log.admin_name,machine_service_log.note,machine_service_log.created_at FROM qdd_machineservicelog machine_service_log LEFT JOIN qdd_machine machine ON machine_service_log.machine_id = machine.id WHERE 1=1 and machine_service_log.is_del = '2' and machine_service_log.supplier_id = '10001' ORDER BY machine_service_log. id DESC LIMIT 0,10
2019-07-09 16:57:23 OUTPUT:SELECT count(*) as aggregate FROM qdd_machineservicelog machine_service_log LEFT JOIN qdd_machine machine ON machine_service_log.machine_id = machine.id WHERE 1=1 and machine_service_log.is_del = '2' and machine_service_log.supplier_id = '10001' ORDER BY machine_service_log. id DESC
2019-07-09 17:05:37 OUTPUT:SELECT `id`,`parent`,`action`,`method`,`modules`,`name` FROM `qdd_auth_permission` WHERE `modules` = Machine AND `method` = Machineservicelog AND `action` = list AND `type` = 5 AND `is_del` = 2 LIMIT 1
2019-07-09 17:05:37 OUTPUT:SELECT `id`,`parent`,`action`,`method`,`modules`,`name` FROM `qdd_auth_permission` WHERE `id` = 511 AND `type` = 5 AND `is_del` = 2 LIMIT 1
2019-07-09 17:05:38 OUTPUT:SELECT * FROM `qdd_admin` WHERE `id` = 3 LIMIT 1
2019-07-09 17:05:38 OUTPUT:select a.* from qdd_auth_permission as a,qdd_auth_role_permission as b where b.role_id = 1 and b.permission_id = a.id and a.is_del = 2 and b.is_del = 2
2019-07-09 17:05:38 OUTPUT:SELECT `id`,`parent`,`action`,`method`,`modules`,`name` FROM `qdd_auth_permission` WHERE `modules` = Machine AND `method` = Machineservicelog AND `action` = list AND `type` = 5 AND `is_del` = 2 LIMIT 1
2019-07-09 17:05:38 OUTPUT:SELECT `id`,`parent`,`action`,`method`,`modules`,`name` FROM `qdd_auth_permission` WHERE `id` = 511 AND `type` = 5 AND `is_del` = 2 LIMIT 1
2019-07-09 17:05:38 OUTPUT:SELECT * FROM `qdd_admin` WHERE `id` = 3 LIMIT 1
2019-07-09 17:05:38 OUTPUT:select a.* from qdd_auth_permission as a,qdd_auth_role_permission as b where b.role_id = 1 and b.permission_id = a.id and a.is_del = 2 and b.is_del = 2
2019-07-09 17:05:38 OUTPUT:SELECT * FROM `qdd_admin` WHERE `id` = 3 LIMIT 1
2019-07-09 17:05:51 OUTPUT:SELECT `id`,`parent`,`action`,`method`,`modules`,`name` FROM `qdd_auth_permission` WHERE `modules` = Machine AND `method` = Machineservicelog AND `action` = list AND `type` = 5 AND `is_del` = 2 LIMIT 1
2019-07-09 17:05:51 OUTPUT:SELECT `id`,`parent`,`action`,`method`,`modules`,`name` FROM `qdd_auth_permission` WHERE `id` = 511 AND `type` = 5 AND `is_del` = 2 LIMIT 1
2019-07-09 17:05:51 OUTPUT:SELECT * FROM `qdd_admin` WHERE `id` = 3 LIMIT 1
2019-07-09 17:05:51 OUTPUT:select a.* from qdd_auth_permission as a,qdd_auth_role_permission as b where b.role_id = 1 and b.permission_id = a.id and a.is_del = 2 and b.is_del = 2
2019-07-09 17:05:52 OUTPUT:SELECT `id`,`parent`,`action`,`method`,`modules`,`name` FROM `qdd_auth_permission` WHERE `modules` = Machine AND `method` = Machineservicelog AND `action` = list AND `type` = 5 AND `is_del` = 2 LIMIT 1
2019-07-09 17:05:52 OUTPUT:SELECT `id`,`parent`,`action`,`method`,`modules`,`name` FROM `qdd_auth_permission` WHERE `id` = 511 AND `type` = 5 AND `is_del` = 2 LIMIT 1
2019-07-09 17:05:52 OUTPUT:SELECT * FROM `qdd_admin` WHERE `id` = 3 LIMIT 1
2019-07-09 17:05:52 OUTPUT:select a.* from qdd_auth_permission as a,qdd_auth_role_permission as b where b.role_id = 1 and b.permission_id = a.id and a.is_del = 2 and b.is_del = 2
2019-07-09 17:05:52 OUTPUT:SELECT * FROM `qdd_admin` WHERE `id` = 3 LIMIT 1
2019-07-09 17:07:10 OUTPUT:SELECT `id`,`parent`,`action`,`method`,`modules`,`name` FROM `qdd_auth_permission` WHERE `modules` = Machine AND `method` = Machineservicelog AND `action` = list AND `type` = 5 AND `is_del` = 2 LIMIT 1
2019-07-09 17:07:10 OUTPUT:SELECT `id`,`parent`,`action`,`method`,`modules`,`name` FROM `qdd_auth_permission` WHERE `id` = 511 AND `type` = 5 AND `is_del` = 2 LIMIT 1
2019-07-09 17:07:11 OUTPUT:SELECT * FROM `qdd_admin` WHERE `id` = 3 LIMIT 1
2019-07-09 17:07:11 OUTPUT:select a.* from qdd_auth_permission as a,qdd_auth_role_permission as b where b.role_id = 1 and b.permission_id = a.id and a.is_del = 2 and b.is_del = 2
2019-07-09 17:07:11 OUTPUT:SELECT `id`,`parent`,`action`,`method`,`modules`,`name` FROM `qdd_auth_permission` WHERE `modules` = Machine AND `method` = Machineservicelog AND `action` = list AND `type` = 5 AND `is_del` = 2 LIMIT 1
2019-07-09 17:07:11 OUTPUT:SELECT `id`,`parent`,`action`,`method`,`modules`,`name` FROM `qdd_auth_permission` WHERE `id` = 511 AND `type` = 5 AND `is_del` = 2 LIMIT 1
2019-07-09 17:07:11 OUTPUT:SELECT * FROM `qdd_admin` WHERE `id` = 3 LIMIT 1
2019-07-09 17:07:11 OUTPUT:select a.* from qdd_auth_permission as a,qdd_auth_role_permission as b where b.role_id = 1 and b.permission_id = a.id and a.is_del = 2 and b.is_del = 2
2019-07-09 17:07:24 OUTPUT:SELECT `id`,`parent`,`action`,`method`,`modules`,`name` FROM `qdd_auth_permission` WHERE `modules` = Machine AND `method` = Machineservicelog AND `action` = list AND `type` = 5 AND `is_del` = 2 LIMIT 1
2019-07-09 17:07:24 OUTPUT:SELECT `id`,`parent`,`action`,`method`,`modules`,`name` FROM `qdd_auth_permission` WHERE `id` = 511 AND `type` = 5 AND `is_del` = 2 LIMIT 1
2019-07-09 17:07:24 OUTPUT:SELECT * FROM `qdd_admin` WHERE `id` = 3 LIMIT 1
2019-07-09 17:07:24 OUTPUT:select a.* from qdd_auth_permission as a,qdd_auth_role_permission as b where b.role_id = 1 and b.permission_id = a.id and a.is_del = 2 and b.is_del = 2
2019-07-09 17:07:25 OUTPUT:SELECT `id`,`parent`,`action`,`method`,`modules`,`name` FROM `qdd_auth_permission` WHERE `modules` = Machine AND `method` = Machineservicelog AND `action` = list AND `type` = 5 AND `is_del` = 2 LIMIT 1
2019-07-09 17:07:25 OUTPUT:SELECT `id`,`parent`,`action`,`method`,`modules`,`name` FROM `qdd_auth_permission` WHERE `id` = 511 AND `type` = 5 AND `is_del` = 2 LIMIT 1
2019-07-09 17:07:25 OUTPUT:SELECT * FROM `qdd_admin` WHERE `id` = 3 LIMIT 1
2019-07-09 17:07:25 OUTPUT:select a.* from qdd_auth_permission as a,qdd_auth_role_permission as b where b.role_id = 1 and b.permission_id = a.id and a.is_del = 2 and b.is_del = 2
2019-07-09 17:07:25 OUTPUT:SELECT * FROM `qdd_admin` WHERE `id` = 3 LIMIT 1
2019-07-09 17:07:40 OUTPUT:SELECT `id`,`parent`,`action`,`method`,`modules`,`name` FROM `qdd_auth_permission` WHERE `modules` = Machine AND `method` = Machineservicelog AND `action` = list AND `type` = 5 AND `is_del` = 2 LIMIT 1
2019-07-09 17:07:40 OUTPUT:SELECT `id`,`parent`,`action`,`method`,`modules`,`name` FROM `qdd_auth_permission` WHERE `id` = 511 AND `type` = 5 AND `is_del` = 2 LIMIT 1
2019-07-09 17:07:42 OUTPUT:SELECT * FROM `qdd_admin` WHERE `id` = 3 LIMIT 1
2019-07-09 17:07:42 OUTPUT:select a.* from qdd_auth_permission as a,qdd_auth_role_permission as b where b.role_id = 1 and b.permission_id = a.id and a.is_del = 2 and b.is_del = 2
2019-07-09 17:07:42 OUTPUT:SELECT `id`,`parent`,`action`,`method`,`modules`,`name` FROM `qdd_auth_permission` WHERE `modules` = Machine AND `method` = Machineservicelog AND `action` = list AND `type` = 5 AND `is_del` = 2 LIMIT 1
2019-07-09 17:07:42 OUTPUT:SELECT `id`,`parent`,`action`,`method`,`modules`,`name` FROM `qdd_auth_permission` WHERE `id` = 511 AND `type` = 5 AND `is_del` = 2 LIMIT 1
2019-07-09 17:07:42 OUTPUT:SELECT * FROM `qdd_admin` WHERE `id` = 3 LIMIT 1
2019-07-09 17:07:42 OUTPUT:select a.* from qdd_auth_permission as a,qdd_auth_role_permission as b where b.role_id = 1 and b.permission_id = a.id and a.is_del = 2 and b.is_del = 2
2019-07-09 17:07:42 OUTPUT:SELECT * FROM `qdd_admin` WHERE `id` = 3 LIMIT 1
2019-07-09 17:07:59 OUTPUT:SELECT `id`,`parent`,`action`,`method`,`modules`,`name` FROM `qdd_auth_permission` WHERE `modules` = Machine AND `method` = Machineservicelog AND `action` = list AND `type` = 5 AND `is_del` = 2 LIMIT 1
2019-07-09 17:07:59 OUTPUT:SELECT `id`,`parent`,`action`,`method`,`modules`,`name` FROM `qdd_auth_permission` WHERE `id` = 511 AND `type` = 5 AND `is_del` = 2 LIMIT 1
2019-07-09 17:08:00 OUTPUT:SELECT * FROM `qdd_admin` WHERE `id` = 3 LIMIT 1
2019-07-09 17:08:00 OUTPUT:select a.* from qdd_auth_permission as a,qdd_auth_role_permission as b where b.role_id = 1 and b.permission_id = a.id and a.is_del = 2 and b.is_del = 2
2019-07-09 17:08:00 OUTPUT:SELECT `id`,`parent`,`action`,`method`,`modules`,`name` FROM `qdd_auth_permission` WHERE `modules` = Machine AND `method` = Machineservicelog AND `action` = list AND `type` = 5 AND `is_del` = 2 LIMIT 1
2019-07-09 17:08:00 OUTPUT:SELECT `id`,`parent`,`action`,`method`,`modules`,`name` FROM `qdd_auth_permission` WHERE `id` = 511 AND `type` = 5 AND `is_del` = 2 LIMIT 1
2019-07-09 17:08:00 OUTPUT:SELECT * FROM `qdd_admin` WHERE `id` = 3 LIMIT 1
2019-07-09 17:08:00 OUTPUT:select a.* from qdd_auth_permission as a,qdd_auth_role_permission as b where b.role_id = 1 and b.permission_id = a.id and a.is_del = 2 and b.is_del = 2
2019-07-09 17:08:00 OUTPUT:SELECT * FROM `qdd_admin` WHERE `id` = 3 LIMIT 1
2019-07-09 17:08:01 OUTPUT:SELECT machine_service_log.id,machine_service_log.machine_id,machine_service_log.machine_name,machine_service_log.admin_id,machine_service_log.admin_name,machine_service_log.note,machine_service_log.created_at FROM qdd_machine_service_log machine_service_log LEFT JOIN qdd_machine machine ON machine_service_log.machine_id = machine.id WHERE 1=1 and machine_service_log.is_del = '2' and machine_service_log.supplier_id = '10001' ORDER BY machine_service_log. id DESC LIMIT 0,10
2019-07-09 17:08:01 OUTPUT:SELECT count(*) as aggregate FROM qdd_machine_service_log machine_service_log LEFT JOIN qdd_machine machine ON machine_service_log.machine_id = machine.id WHERE 1=1 and machine_service_log.is_del = '2' and machine_service_log.supplier_id = '10001' ORDER BY machine_service_log. id DESC
2019-07-09 18:05:20 OUTPUT:SELECT `id`,`parent`,`action`,`method`,`modules`,`name` FROM `qdd_auth_permission` WHERE `modules` = Index AND `method` = Index AND `action` = index AND `type` = 5 AND `is_del` = 2 LIMIT 1
2019-07-09 18:05:21 OUTPUT:SELECT * FROM `qdd_admin` WHERE `id` = 3 LIMIT 1
2019-07-09 18:05:21 OUTPUT:SELECT * FROM `qdd_admin` WHERE `id` = 3 LIMIT 1
2019-07-09 18:05:21 OUTPUT:SELECT * FROM `qdd_auth_permission` WHERE `parent` = 0 AND `is_del` = 2 AND `type` = 5 ORDER BY order_num asc 
2019-07-09 18:05:22 OUTPUT:SELECT `id`,`parent`,`action`,`method`,`modules`,`name` FROM `qdd_auth_permission` WHERE `modules` = Auth AND `method` = Auth AND `action` = index AND `type` = 5 AND `is_del` = 2 LIMIT 1
2019-07-09 18:05:22 OUTPUT:SELECT * FROM `qdd_admin` WHERE `id` = 3 LIMIT 1
2019-07-09 18:05:22 OUTPUT:SELECT `id`,`parent`,`action`,`method`,`modules`,`name` FROM `qdd_auth_permission` WHERE `modules` = Index AND `method` = Index AND `action` = index AND `type` = 5 AND `is_del` = 2 LIMIT 1
2019-07-09 18:05:22 OUTPUT:SELECT * FROM `qdd_admin` WHERE `id` = 3 LIMIT 1
2019-07-09 18:05:22 OUTPUT:SELECT * FROM `qdd_admin` WHERE `id` = 3 LIMIT 1
2019-07-09 18:05:22 OUTPUT:SELECT * FROM `qdd_auth_permission` WHERE `parent` = 0 AND `is_del` = 2 AND `type` = 5 ORDER BY order_num asc 
2019-07-09 18:05:22 OUTPUT:select a.* from qdd_auth_permission as a,qdd_auth_role_permission as b where b.role_id = 1 and b.permission_id = a.id and a.is_del = 2 and b.is_del = 2
2019-07-09 18:05:22 OUTPUT:SELECT * FROM `qdd_auth_permission` WHERE `parent` = 511 AND `is_del` = 2 AND `type` = 5 ORDER BY order_num asc 
2019-07-09 18:05:22 OUTPUT:SELECT `id`,`parent`,`action`,`method`,`modules`,`name` FROM `qdd_auth_permission` WHERE `modules` = Auth AND `method` = Auth AND `action` = index AND `type` = 5 AND `is_del` = 2 LIMIT 1
2019-07-09 18:05:22 OUTPUT:SELECT * FROM `qdd_admin` WHERE `id` = 3 LIMIT 1
2019-07-09 18:05:22 OUTPUT:SELECT `id`,`parent`,`action`,`method`,`modules`,`name` FROM `qdd_auth_permission` WHERE `modules` = Auth AND `method` = Auth AND `action` = index AND `type` = 5 AND `is_del` = 2 LIMIT 1
2019-07-09 18:05:22 OUTPUT:SELECT * FROM `qdd_admin` WHERE `id` = 3 LIMIT 1
2019-07-09 18:05:22 OUTPUT:SELECT `id`,`parent`,`action`,`method`,`modules`,`name` FROM `qdd_auth_permission` WHERE `modules` = Auth AND `method` = Auth AND `action` = index AND `type` = 5 AND `is_del` = 2 LIMIT 1
2019-07-09 18:05:22 OUTPUT:SELECT * FROM `qdd_admin` WHERE `id` = 3 LIMIT 1
2019-07-09 18:05:22 OUTPUT:SELECT `id`,`parent`,`action`,`method`,`modules`,`name` FROM `qdd_auth_permission` WHERE `modules` = Auth AND `method` = Auth AND `action` = index AND `type` = 5 AND `is_del` = 2 LIMIT 1
2019-07-09 18:05:22 OUTPUT:SELECT * FROM `qdd_admin` WHERE `id` = 3 LIMIT 1
2019-07-09 18:09:06 OUTPUT:SELECT `id`,`parent`,`action`,`method`,`modules`,`name` FROM `qdd_auth_permission` WHERE `modules` = Index AND `method` = Index AND `action` = index AND `type` = 5 AND `is_del` = 2 LIMIT 1
2019-07-09 18:09:07 OUTPUT:SELECT * FROM `qdd_admin` WHERE `id` = 3 LIMIT 1
2019-07-09 18:09:07 OUTPUT:SELECT * FROM `qdd_admin` WHERE `id` = 3 LIMIT 1
2019-07-09 18:09:07 OUTPUT:SELECT * FROM `qdd_auth_permission` WHERE `parent` = 0 AND `is_del` = 2 AND `type` = 5 ORDER BY order_num asc 
2019-07-09 18:09:07 OUTPUT:SELECT `id`,`parent`,`action`,`method`,`modules`,`name` FROM `qdd_auth_permission` WHERE `modules` = Auth AND `method` = Auth AND `action` = index AND `type` = 5 AND `is_del` = 2 LIMIT 1
2019-07-09 18:09:07 OUTPUT:SELECT * FROM `qdd_admin` WHERE `id` = 3 LIMIT 1
2019-07-09 18:09:07 OUTPUT:SELECT `id`,`parent`,`action`,`method`,`modules`,`name` FROM `qdd_auth_permission` WHERE `modules` = Index AND `method` = Index AND `action` = index AND `type` = 5 AND `is_del` = 2 LIMIT 1
2019-07-09 18:09:07 OUTPUT:SELECT * FROM `qdd_admin` WHERE `id` = 3 LIMIT 1
2019-07-09 18:09:07 OUTPUT:SELECT * FROM `qdd_admin` WHERE `id` = 3 LIMIT 1
2019-07-09 18:09:07 OUTPUT:SELECT * FROM `qdd_auth_permission` WHERE `parent` = 0 AND `is_del` = 2 AND `type` = 5 ORDER BY order_num asc 
2019-07-09 18:09:07 OUTPUT:select a.* from qdd_auth_permission as a,qdd_auth_role_permission as b where b.role_id = 1 and b.permission_id = a.id and a.is_del = 2 and b.is_del = 2
2019-07-09 18:09:07 OUTPUT:SELECT * FROM `qdd_auth_permission` WHERE `parent` = 511 AND `is_del` = 2 AND `type` = 5 ORDER BY order_num asc 
2019-07-09 18:09:07 OUTPUT:SELECT `id`,`parent`,`action`,`method`,`modules`,`name` FROM `qdd_auth_permission` WHERE `modules` = Auth AND `method` = Auth AND `action` = index AND `type` = 5 AND `is_del` = 2 LIMIT 1
2019-07-09 18:09:07 OUTPUT:SELECT * FROM `qdd_admin` WHERE `id` = 3 LIMIT 1
2019-07-09 18:09:08 OUTPUT:SELECT `id`,`parent`,`action`,`method`,`modules`,`name` FROM `qdd_auth_permission` WHERE `modules` = Auth AND `method` = Auth AND `action` = index AND `type` = 5 AND `is_del` = 2 LIMIT 1
2019-07-09 18:09:08 OUTPUT:SELECT * FROM `qdd_admin` WHERE `id` = 3 LIMIT 1
2019-07-09 18:09:08 OUTPUT:SELECT `id`,`parent`,`action`,`method`,`modules`,`name` FROM `qdd_auth_permission` WHERE `modules` = Auth AND `method` = Auth AND `action` = index AND `type` = 5 AND `is_del` = 2 LIMIT 1
2019-07-09 18:09:08 OUTPUT:SELECT * FROM `qdd_admin` WHERE `id` = 3 LIMIT 1
2019-07-09 18:09:10 OUTPUT:SELECT `id`,`parent`,`action`,`method`,`modules`,`name` FROM `qdd_auth_permission` WHERE `modules` = Machine AND `method` = Machine AND `action` = list AND `type` = 5 AND `is_del` = 2 LIMIT 1
2019-07-09 18:09:10 OUTPUT:SELECT `id`,`parent`,`action`,`method`,`modules`,`name` FROM `qdd_auth_permission` WHERE `id` = 511 AND `type` = 5 AND `is_del` = 2 LIMIT 1
2019-07-09 18:09:10 OUTPUT:SELECT * FROM `qdd_admin` WHERE `id` = 3 LIMIT 1
2019-07-09 18:09:10 OUTPUT:select a.* from qdd_auth_permission as a,qdd_auth_role_permission as b where b.role_id = 1 and b.permission_id = a.id and a.is_del = 2 and b.is_del = 2
2019-07-09 18:09:10 OUTPUT:SELECT `id`,`parent`,`action`,`method`,`modules`,`name` FROM `qdd_auth_permission` WHERE `modules` = Machine AND `method` = Machine AND `action` = list AND `type` = 5 AND `is_del` = 2 LIMIT 1
2019-07-09 18:09:10 OUTPUT:SELECT `id`,`parent`,`action`,`method`,`modules`,`name` FROM `qdd_auth_permission` WHERE `id` = 511 AND `type` = 5 AND `is_del` = 2 LIMIT 1
2019-07-09 18:09:10 OUTPUT:SELECT * FROM `qdd_admin` WHERE `id` = 3 LIMIT 1
2019-07-09 18:09:10 OUTPUT:select a.* from qdd_auth_permission as a,qdd_auth_role_permission as b where b.role_id = 1 and b.permission_id = a.id and a.is_del = 2 and b.is_del = 2
2019-07-09 18:09:10 OUTPUT:SELECT `id`,`parent`,`action`,`method`,`modules`,`name` FROM `qdd_auth_permission` WHERE `modules` = Machine AND `method` = Machine AND `action` = list AND `type` = 5 AND `is_del` = 2 LIMIT 1
2019-07-09 18:09:10 OUTPUT:SELECT `id`,`parent`,`action`,`method`,`modules`,`name` FROM `qdd_auth_permission` WHERE `id` = 511 AND `type` = 5 AND `is_del` = 2 LIMIT 1
2019-07-09 18:09:10 OUTPUT:SELECT * FROM `qdd_admin` WHERE `id` = 3 LIMIT 1
2019-07-09 18:09:10 OUTPUT:select a.* from qdd_auth_permission as a,qdd_auth_role_permission as b where b.role_id = 1 and b.permission_id = a.id and a.is_del = 2 and b.is_del = 2
2019-07-09 18:09:10 OUTPUT:SELECT * FROM `qdd_admin` WHERE `id` = 3 LIMIT 1
2019-07-09 18:09:10 OUTPUT:SELECT id,name,self_code,custom_code,introduction,logo_url,note,created_at FROM qdd_machine WHERE 1=1 and is_del = '2' and supplier_id = '10001' ORDER BY id DESC LIMIT 0,10
2019-07-09 18:09:10 OUTPUT:SELECT count(*) as aggregate FROM qdd_machine WHERE 1=1 and is_del = '2' and supplier_id = '10001' ORDER BY id DESC
2019-07-09 18:09:11 OUTPUT:SELECT `id`,`parent`,`action`,`method`,`modules`,`name` FROM `qdd_auth_permission` WHERE `modules` = Machine AND `method` = Machineservicelog AND `action` = list AND `type` = 5 AND `is_del` = 2 LIMIT 1
2019-07-09 18:09:11 OUTPUT:SELECT `id`,`parent`,`action`,`method`,`modules`,`name` FROM `qdd_auth_permission` WHERE `id` = 511 AND `type` = 5 AND `is_del` = 2 LIMIT 1
2019-07-09 18:09:11 OUTPUT:SELECT * FROM `qdd_admin` WHERE `id` = 3 LIMIT 1
2019-07-09 18:09:11 OUTPUT:select a.* from qdd_auth_permission as a,qdd_auth_role_permission as b where b.role_id = 1 and b.permission_id = a.id and a.is_del = 2 and b.is_del = 2
2019-07-09 18:09:11 OUTPUT:SELECT `id`,`parent`,`action`,`method`,`modules`,`name` FROM `qdd_auth_permission` WHERE `modules` = Machine AND `method` = Machineservicelog AND `action` = list AND `type` = 5 AND `is_del` = 2 LIMIT 1
2019-07-09 18:09:11 OUTPUT:SELECT `id`,`parent`,`action`,`method`,`modules`,`name` FROM `qdd_auth_permission` WHERE `id` = 511 AND `type` = 5 AND `is_del` = 2 LIMIT 1
2019-07-09 18:09:11 OUTPUT:SELECT * FROM `qdd_admin` WHERE `id` = 3 LIMIT 1
2019-07-09 18:09:11 OUTPUT:select a.* from qdd_auth_permission as a,qdd_auth_role_permission as b where b.role_id = 1 and b.permission_id = a.id and a.is_del = 2 and b.is_del = 2
2019-07-09 18:09:11 OUTPUT:SELECT `id`,`parent`,`action`,`method`,`modules`,`name` FROM `qdd_auth_permission` WHERE `modules` = Machine AND `method` = Machineservicelog AND `action` = list AND `type` = 5 AND `is_del` = 2 LIMIT 1
2019-07-09 18:09:11 OUTPUT:SELECT `id`,`parent`,`action`,`method`,`modules`,`name` FROM `qdd_auth_permission` WHERE `id` = 511 AND `type` = 5 AND `is_del` = 2 LIMIT 1
2019-07-09 18:09:11 OUTPUT:SELECT * FROM `qdd_admin` WHERE `id` = 3 LIMIT 1
2019-07-09 18:09:11 OUTPUT:select a.* from qdd_auth_permission as a,qdd_auth_role_permission as b where b.role_id = 1 and b.permission_id = a.id and a.is_del = 2 and b.is_del = 2
2019-07-09 18:09:11 OUTPUT:SELECT * FROM `qdd_admin` WHERE `id` = 3 LIMIT 1
2019-07-09 18:09:11 OUTPUT:SELECT machine_service_log.id,machine_service_log.machine_id,machine_service_log.machine_name,machine_service_log.admin_id,machine_service_log.admin_name,machine_service_log.note,machine_service_log.created_at FROM qdd_machine_service_log machine_service_log LEFT JOIN qdd_machine machine ON machine_service_log.machine_id = machine.id WHERE 1=1 and machine_service_log.is_del = '2' and machine_service_log.supplier_id = '10001' ORDER BY machine_service_log. id DESC LIMIT 0,10
2019-07-09 18:09:11 OUTPUT:SELECT count(*) as aggregate FROM qdd_machine_service_log machine_service_log LEFT JOIN qdd_machine machine ON machine_service_log.machine_id = machine.id WHERE 1=1 and machine_service_log.is_del = '2' and machine_service_log.supplier_id = '10001' ORDER BY machine_service_log. id DESC
2019-07-09 18:09:22 OUTPUT:SELECT `id`,`parent`,`action`,`method`,`modules`,`name` FROM `qdd_auth_permission` WHERE `modules` = Index AND `method` = Index AND `action` = index AND `type` = 5 AND `is_del` = 2 LIMIT 1
2019-07-09 18:09:23 OUTPUT:SELECT * FROM `qdd_admin` WHERE `id` = 3 LIMIT 1
2019-07-09 18:09:23 OUTPUT:SELECT * FROM `qdd_admin` WHERE `id` = 3 LIMIT 1
2019-07-09 18:09:23 OUTPUT:SELECT * FROM `qdd_auth_permission` WHERE `parent` = 0 AND `is_del` = 2 AND `type` = 5 ORDER BY order_num asc 
2019-07-09 18:09:23 OUTPUT:SELECT `id`,`parent`,`action`,`method`,`modules`,`name` FROM `qdd_auth_permission` WHERE `modules` = Auth AND `method` = Auth AND `action` = index AND `type` = 5 AND `is_del` = 2 LIMIT 1
2019-07-09 18:09:23 OUTPUT:SELECT * FROM `qdd_admin` WHERE `id` = 3 LIMIT 1
2019-07-09 18:09:23 OUTPUT:SELECT `id`,`parent`,`action`,`method`,`modules`,`name` FROM `qdd_auth_permission` WHERE `modules` = Index AND `method` = Index AND `action` = index AND `type` = 5 AND `is_del` = 2 LIMIT 1
2019-07-09 18:09:23 OUTPUT:SELECT * FROM `qdd_admin` WHERE `id` = 3 LIMIT 1
2019-07-09 18:09:23 OUTPUT:SELECT * FROM `qdd_admin` WHERE `id` = 3 LIMIT 1
2019-07-09 18:09:23 OUTPUT:SELECT * FROM `qdd_auth_permission` WHERE `parent` = 0 AND `is_del` = 2 AND `type` = 5 ORDER BY order_num asc 
2019-07-09 18:09:23 OUTPUT:select a.* from qdd_auth_permission as a,qdd_auth_role_permission as b where b.role_id = 1 and b.permission_id = a.id and a.is_del = 2 and b.is_del = 2
2019-07-09 18:09:23 OUTPUT:SELECT * FROM `qdd_auth_permission` WHERE `parent` = 511 AND `is_del` = 2 AND `type` = 5 ORDER BY order_num asc 
2019-07-09 18:09:23 OUTPUT:SELECT `id`,`parent`,`action`,`method`,`modules`,`name` FROM `qdd_auth_permission` WHERE `modules` = Auth AND `method` = Auth AND `action` = index AND `type` = 5 AND `is_del` = 2 LIMIT 1
2019-07-09 18:09:23 OUTPUT:SELECT * FROM `qdd_admin` WHERE `id` = 3 LIMIT 1
2019-07-09 18:09:24 OUTPUT:SELECT `id`,`parent`,`action`,`method`,`modules`,`name` FROM `qdd_auth_permission` WHERE `modules` = Auth AND `method` = Auth AND `action` = index AND `type` = 5 AND `is_del` = 2 LIMIT 1
2019-07-09 18:09:24 OUTPUT:SELECT * FROM `qdd_admin` WHERE `id` = 3 LIMIT 1
2019-07-09 18:09:24 OUTPUT:SELECT `id`,`parent`,`action`,`method`,`modules`,`name` FROM `qdd_auth_permission` WHERE `modules` = Auth AND `method` = Auth AND `action` = index AND `type` = 5 AND `is_del` = 2 LIMIT 1
2019-07-09 18:09:24 OUTPUT:SELECT * FROM `qdd_admin` WHERE `id` = 3 LIMIT 1
2019-07-09 18:09:24 OUTPUT:SELECT `id`,`parent`,`action`,`method`,`modules`,`name` FROM `qdd_auth_permission` WHERE `modules` = Auth AND `method` = Auth AND `action` = index AND `type` = 5 AND `is_del` = 2 LIMIT 1
2019-07-09 18:09:24 OUTPUT:SELECT * FROM `qdd_admin` WHERE `id` = 3 LIMIT 1
2019-07-09 18:09:26 OUTPUT:SELECT `id`,`parent`,`action`,`method`,`modules`,`name` FROM `qdd_auth_permission` WHERE `modules` = Machine AND `method` = Machine AND `action` = list AND `type` = 5 AND `is_del` = 2 LIMIT 1
2019-07-09 18:09:26 OUTPUT:SELECT `id`,`parent`,`action`,`method`,`modules`,`name` FROM `qdd_auth_permission` WHERE `id` = 511 AND `type` = 5 AND `is_del` = 2 LIMIT 1
2019-07-09 18:09:26 OUTPUT:SELECT * FROM `qdd_admin` WHERE `id` = 3 LIMIT 1
2019-07-09 18:09:26 OUTPUT:select a.* from qdd_auth_permission as a,qdd_auth_role_permission as b where b.role_id = 1 and b.permission_id = a.id and a.is_del = 2 and b.is_del = 2
2019-07-09 18:09:27 OUTPUT:SELECT `id`,`parent`,`action`,`method`,`modules`,`name` FROM `qdd_auth_permission` WHERE `modules` = Machine AND `method` = Machine AND `action` = list AND `type` = 5 AND `is_del` = 2 LIMIT 1
2019-07-09 18:09:27 OUTPUT:SELECT `id`,`parent`,`action`,`method`,`modules`,`name` FROM `qdd_auth_permission` WHERE `id` = 511 AND `type` = 5 AND `is_del` = 2 LIMIT 1
2019-07-09 18:09:27 OUTPUT:SELECT * FROM `qdd_admin` WHERE `id` = 3 LIMIT 1
2019-07-09 18:09:27 OUTPUT:select a.* from qdd_auth_permission as a,qdd_auth_role_permission as b where b.role_id = 1 and b.permission_id = a.id and a.is_del = 2 and b.is_del = 2
2019-07-09 18:09:27 OUTPUT:SELECT `id`,`parent`,`action`,`method`,`modules`,`name` FROM `qdd_auth_permission` WHERE `modules` = Machine AND `method` = Machine AND `action` = list AND `type` = 5 AND `is_del` = 2 LIMIT 1
2019-07-09 18:09:27 OUTPUT:SELECT `id`,`parent`,`action`,`method`,`modules`,`name` FROM `qdd_auth_permission` WHERE `id` = 511 AND `type` = 5 AND `is_del` = 2 LIMIT 1
2019-07-09 18:09:27 OUTPUT:SELECT * FROM `qdd_admin` WHERE `id` = 3 LIMIT 1
2019-07-09 18:09:27 OUTPUT:select a.* from qdd_auth_permission as a,qdd_auth_role_permission as b where b.role_id = 1 and b.permission_id = a.id and a.is_del = 2 and b.is_del = 2
2019-07-09 18:09:27 OUTPUT:SELECT * FROM `qdd_admin` WHERE `id` = 3 LIMIT 1
2019-07-09 18:09:27 OUTPUT:SELECT id,name,self_code,custom_code,introduction,logo_url,note,created_at FROM qdd_machine WHERE 1=1 and is_del = '2' and supplier_id = '10001' ORDER BY id DESC LIMIT 0,10
2019-07-09 18:09:27 OUTPUT:SELECT count(*) as aggregate FROM qdd_machine WHERE 1=1 and is_del = '2' and supplier_id = '10001' ORDER BY id DESC
2019-07-09 18:09:28 OUTPUT:SELECT `id`,`parent`,`action`,`method`,`modules`,`name` FROM `qdd_auth_permission` WHERE `modules` = Machine AND `method` = Machineservicelog AND `action` = list AND `type` = 5 AND `is_del` = 2 LIMIT 1
2019-07-09 18:09:28 OUTPUT:SELECT `id`,`parent`,`action`,`method`,`modules`,`name` FROM `qdd_auth_permission` WHERE `id` = 511 AND `type` = 5 AND `is_del` = 2 LIMIT 1
2019-07-09 18:09:28 OUTPUT:SELECT * FROM `qdd_admin` WHERE `id` = 3 LIMIT 1
2019-07-09 18:09:28 OUTPUT:select a.* from qdd_auth_permission as a,qdd_auth_role_permission as b where b.role_id = 1 and b.permission_id = a.id and a.is_del = 2 and b.is_del = 2
2019-07-09 18:09:28 OUTPUT:SELECT `id`,`parent`,`action`,`method`,`modules`,`name` FROM `qdd_auth_permission` WHERE `modules` = Machine AND `method` = Machineservicelog AND `action` = list AND `type` = 5 AND `is_del` = 2 LIMIT 1
2019-07-09 18:09:28 OUTPUT:SELECT `id`,`parent`,`action`,`method`,`modules`,`name` FROM `qdd_auth_permission` WHERE `id` = 511 AND `type` = 5 AND `is_del` = 2 LIMIT 1
2019-07-09 18:09:28 OUTPUT:SELECT * FROM `qdd_admin` WHERE `id` = 3 LIMIT 1
2019-07-09 18:09:28 OUTPUT:select a.* from qdd_auth_permission as a,qdd_auth_role_permission as b where b.role_id = 1 and b.permission_id = a.id and a.is_del = 2 and b.is_del = 2
2019-07-09 18:09:28 OUTPUT:SELECT `id`,`parent`,`action`,`method`,`modules`,`name` FROM `qdd_auth_permission` WHERE `modules` = Machine AND `method` = Machineservicelog AND `action` = list AND `type` = 5 AND `is_del` = 2 LIMIT 1
2019-07-09 18:09:28 OUTPUT:SELECT `id`,`parent`,`action`,`method`,`modules`,`name` FROM `qdd_auth_permission` WHERE `id` = 511 AND `type` = 5 AND `is_del` = 2 LIMIT 1
2019-07-09 18:09:28 OUTPUT:SELECT * FROM `qdd_admin` WHERE `id` = 3 LIMIT 1
2019-07-09 18:09:28 OUTPUT:select a.* from qdd_auth_permission as a,qdd_auth_role_permission as b where b.role_id = 1 and b.permission_id = a.id and a.is_del = 2 and b.is_del = 2
2019-07-09 18:09:28 OUTPUT:SELECT * FROM `qdd_admin` WHERE `id` = 3 LIMIT 1
2019-07-09 18:09:28 OUTPUT:SELECT machine_service_log.id,machine_service_log.machine_id,machine_service_log.machine_name,machine_service_log.admin_id,machine_service_log.admin_name,machine_service_log.note,machine_service_log.created_at FROM qdd_machine_service_log machine_service_log LEFT JOIN qdd_machine machine ON machine_service_log.machine_id = machine.id WHERE 1=1 and machine_service_log.is_del = '2' and machine_service_log.supplier_id = '10001' ORDER BY machine_service_log. id DESC LIMIT 0,10
2019-07-09 18:09:28 OUTPUT:SELECT count(*) as aggregate FROM qdd_machine_service_log machine_service_log LEFT JOIN qdd_machine machine ON machine_service_log.machine_id = machine.id WHERE 1=1 and machine_service_log.is_del = '2' and machine_service_log.supplier_id = '10001' ORDER BY machine_service_log. id DESC
2019-07-09 18:09:30 OUTPUT:SELECT `id`,`parent`,`action`,`method`,`modules`,`name` FROM `qdd_auth_permission` WHERE `modules` = Machine AND `method` = Machine AND `action` = list AND `type` = 5 AND `is_del` = 2 LIMIT 1
2019-07-09 18:09:30 OUTPUT:SELECT `id`,`parent`,`action`,`method`,`modules`,`name` FROM `qdd_auth_permission` WHERE `id` = 511 AND `type` = 5 AND `is_del` = 2 LIMIT 1
2019-07-09 18:09:30 OUTPUT:SELECT * FROM `qdd_admin` WHERE `id` = 3 LIMIT 1
2019-07-09 18:09:30 OUTPUT:select a.* from qdd_auth_permission as a,qdd_auth_role_permission as b where b.role_id = 1 and b.permission_id = a.id and a.is_del = 2 and b.is_del = 2
2019-07-09 18:09:30 OUTPUT:SELECT `id`,`parent`,`action`,`method`,`modules`,`name` FROM `qdd_auth_permission` WHERE `modules` = Machine AND `method` = Machine AND `action` = list AND `type` = 5 AND `is_del` = 2 LIMIT 1
2019-07-09 18:09:30 OUTPUT:SELECT `id`,`parent`,`action`,`method`,`modules`,`name` FROM `qdd_auth_permission` WHERE `id` = 511 AND `type` = 5 AND `is_del` = 2 LIMIT 1
2019-07-09 18:09:30 OUTPUT:SELECT * FROM `qdd_admin` WHERE `id` = 3 LIMIT 1
2019-07-09 18:09:30 OUTPUT:select a.* from qdd_auth_permission as a,qdd_auth_role_permission as b where b.role_id = 1 and b.permission_id = a.id and a.is_del = 2 and b.is_del = 2
2019-07-09 18:09:30 OUTPUT:SELECT * FROM `qdd_admin` WHERE `id` = 3 LIMIT 1
2019-07-09 18:09:30 OUTPUT:SELECT id,name,self_code,custom_code,introduction,logo_url,note,created_at FROM qdd_machine WHERE 1=1 and is_del = '2' and supplier_id = '10001' ORDER BY id DESC LIMIT 0,10
2019-07-09 18:09:30 OUTPUT:SELECT count(*) as aggregate FROM qdd_machine WHERE 1=1 and is_del = '2' and supplier_id = '10001' ORDER BY id DESC
2019-07-09 18:09:33 OUTPUT:SELECT `id`,`parent`,`action`,`method`,`modules`,`name` FROM `qdd_auth_permission` WHERE `modules` = Machine AND `method` = Machineservicelog AND `action` = list AND `type` = 5 AND `is_del` = 2 LIMIT 1
2019-07-09 18:09:33 OUTPUT:SELECT `id`,`parent`,`action`,`method`,`modules`,`name` FROM `qdd_auth_permission` WHERE `id` = 511 AND `type` = 5 AND `is_del` = 2 LIMIT 1
2019-07-09 18:09:33 OUTPUT:SELECT * FROM `qdd_admin` WHERE `id` = 3 LIMIT 1
2019-07-09 18:09:33 OUTPUT:select a.* from qdd_auth_permission as a,qdd_auth_role_permission as b where b.role_id = 1 and b.permission_id = a.id and a.is_del = 2 and b.is_del = 2
2019-07-09 18:09:33 OUTPUT:SELECT `id`,`parent`,`action`,`method`,`modules`,`name` FROM `qdd_auth_permission` WHERE `modules` = Machine AND `method` = Machineservicelog AND `action` = list AND `type` = 5 AND `is_del` = 2 LIMIT 1
2019-07-09 18:09:33 OUTPUT:SELECT `id`,`parent`,`action`,`method`,`modules`,`name` FROM `qdd_auth_permission` WHERE `id` = 511 AND `type` = 5 AND `is_del` = 2 LIMIT 1
2019-07-09 18:09:33 OUTPUT:SELECT * FROM `qdd_admin` WHERE `id` = 3 LIMIT 1
2019-07-09 18:09:33 OUTPUT:select a.* from qdd_auth_permission as a,qdd_auth_role_permission as b where b.role_id = 1 and b.permission_id = a.id and a.is_del = 2 and b.is_del = 2
2019-07-09 18:09:33 OUTPUT:SELECT * FROM `qdd_admin` WHERE `id` = 3 LIMIT 1
2019-07-09 18:09:33 OUTPUT:SELECT machine_service_log.id,machine_service_log.machine_id,machine_service_log.machine_name,machine_service_log.admin_id,machine_service_log.admin_name,machine_service_log.note,machine_service_log.created_at FROM qdd_machine_service_log machine_service_log LEFT JOIN qdd_machine machine ON machine_service_log.machine_id = machine.id WHERE 1=1 and machine_service_log.is_del = '2' and machine_service_log.supplier_id = '10001' ORDER BY machine_service_log. id DESC LIMIT 0,10
2019-07-09 18:09:33 OUTPUT:SELECT count(*) as aggregate FROM qdd_machine_service_log machine_service_log LEFT JOIN qdd_machine machine ON machine_service_log.machine_id = machine.id WHERE 1=1 and machine_service_log.is_del = '2' and machine_service_log.supplier_id = '10001' ORDER BY machine_service_log. id DESC
2019-07-09 18:18:51 OUTPUT:SELECT `id`,`parent`,`action`,`method`,`modules`,`name` FROM `qdd_auth_permission` WHERE `modules` = Index AND `method` = Index AND `action` = index AND `type` = 5 AND `is_del` = 2 LIMIT 1
2019-07-09 18:18:52 OUTPUT:SELECT * FROM `qdd_admin` WHERE `id` = 3 LIMIT 1
2019-07-09 18:18:52 OUTPUT:SELECT * FROM `qdd_admin` WHERE `id` = 3 LIMIT 1
2019-07-09 18:18:52 OUTPUT:SELECT * FROM `qdd_auth_permission` WHERE `parent` = 0 AND `is_del` = 2 AND `type` = 5 ORDER BY order_num asc 
2019-07-09 18:18:53 OUTPUT:SELECT `id`,`parent`,`action`,`method`,`modules`,`name` FROM `qdd_auth_permission` WHERE `modules` = Auth AND `method` = Auth AND `action` = index AND `type` = 5 AND `is_del` = 2 LIMIT 1
2019-07-09 18:18:53 OUTPUT:SELECT * FROM `qdd_admin` WHERE `id` = 3 LIMIT 1
2019-07-09 18:18:53 OUTPUT:SELECT `id`,`parent`,`action`,`method`,`modules`,`name` FROM `qdd_auth_permission` WHERE `modules` = Index AND `method` = Index AND `action` = index AND `type` = 5 AND `is_del` = 2 LIMIT 1
2019-07-09 18:18:53 OUTPUT:SELECT * FROM `qdd_admin` WHERE `id` = 3 LIMIT 1
2019-07-09 18:18:53 OUTPUT:SELECT * FROM `qdd_admin` WHERE `id` = 3 LIMIT 1
2019-07-09 18:18:53 OUTPUT:SELECT * FROM `qdd_auth_permission` WHERE `parent` = 0 AND `is_del` = 2 AND `type` = 5 ORDER BY order_num asc 
2019-07-09 18:18:53 OUTPUT:select a.* from qdd_auth_permission as a,qdd_auth_role_permission as b where b.role_id = 1 and b.permission_id = a.id and a.is_del = 2 and b.is_del = 2
2019-07-09 18:18:53 OUTPUT:SELECT * FROM `qdd_auth_permission` WHERE `parent` = 511 AND `is_del` = 2 AND `type` = 5 ORDER BY order_num asc 
2019-07-09 18:18:53 OUTPUT:SELECT `id`,`parent`,`action`,`method`,`modules`,`name` FROM `qdd_auth_permission` WHERE `modules` = Auth AND `method` = Auth AND `action` = index AND `type` = 5 AND `is_del` = 2 LIMIT 1
2019-07-09 18:18:53 OUTPUT:SELECT * FROM `qdd_admin` WHERE `id` = 3 LIMIT 1
2019-07-09 18:18:53 OUTPUT:SELECT `id`,`parent`,`action`,`method`,`modules`,`name` FROM `qdd_auth_permission` WHERE `modules` = Auth AND `method` = Auth AND `action` = index AND `type` = 5 AND `is_del` = 2 LIMIT 1
2019-07-09 18:18:53 OUTPUT:SELECT * FROM `qdd_admin` WHERE `id` = 3 LIMIT 1
2019-07-09 18:18:53 OUTPUT:SELECT `id`,`parent`,`action`,`method`,`modules`,`name` FROM `qdd_auth_permission` WHERE `modules` = Auth AND `method` = Auth AND `action` = index AND `type` = 5 AND `is_del` = 2 LIMIT 1
2019-07-09 18:18:53 OUTPUT:SELECT * FROM `qdd_admin` WHERE `id` = 3 LIMIT 1
2019-07-09 18:18:53 OUTPUT:SELECT `id`,`parent`,`action`,`method`,`modules`,`name` FROM `qdd_auth_permission` WHERE `modules` = Auth AND `method` = Auth AND `action` = index AND `type` = 5 AND `is_del` = 2 LIMIT 1
2019-07-09 18:18:53 OUTPUT:SELECT * FROM `qdd_admin` WHERE `id` = 3 LIMIT 1
2019-07-09 20:51:44 OUTPUT:SELECT `id`,`parent`,`action`,`method`,`modules`,`name` FROM `qdd_auth_permission` WHERE `modules` = Index AND `method` = Index AND `action` = index AND `type` = 5 AND `is_del` = 2 LIMIT 1
2019-07-09 20:51:45 OUTPUT:SELECT * FROM `qdd_admin` WHERE `id` = 3 LIMIT 1
2019-07-09 20:51:45 OUTPUT:SELECT * FROM `qdd_admin` WHERE `id` = 3 LIMIT 1
2019-07-09 20:51:45 OUTPUT:SELECT * FROM `qdd_auth_permission` WHERE `parent` = 0 AND `is_del` = 2 AND `type` = 5 ORDER BY order_num asc 
2019-07-09 20:51:45 OUTPUT:SELECT `id`,`parent`,`action`,`method`,`modules`,`name` FROM `qdd_auth_permission` WHERE `modules` = Auth AND `method` = Auth AND `action` = index AND `type` = 5 AND `is_del` = 2 LIMIT 1
2019-07-09 20:51:45 OUTPUT:SELECT * FROM `qdd_admin` WHERE `id` = 3 LIMIT 1
2019-07-09 20:51:45 OUTPUT:SELECT `id`,`parent`,`action`,`method`,`modules`,`name` FROM `qdd_auth_permission` WHERE `modules` = Index AND `method` = Index AND `action` = index AND `type` = 5 AND `is_del` = 2 LIMIT 1
2019-07-09 20:51:45 OUTPUT:SELECT * FROM `qdd_admin` WHERE `id` = 3 LIMIT 1
2019-07-09 20:51:45 OUTPUT:SELECT * FROM `qdd_admin` WHERE `id` = 3 LIMIT 1
2019-07-09 20:51:45 OUTPUT:SELECT * FROM `qdd_auth_permission` WHERE `parent` = 0 AND `is_del` = 2 AND `type` = 5 ORDER BY order_num asc 
2019-07-09 20:51:45 OUTPUT:select a.* from qdd_auth_permission as a,qdd_auth_role_permission as b where b.role_id = 1 and b.permission_id = a.id and a.is_del = 2 and b.is_del = 2
2019-07-09 20:51:45 OUTPUT:SELECT * FROM `qdd_auth_permission` WHERE `parent` = 511 AND `is_del` = 2 AND `type` = 5 ORDER BY order_num asc 
2019-07-09 20:51:45 OUTPUT:SELECT `id`,`parent`,`action`,`method`,`modules`,`name` FROM `qdd_auth_permission` WHERE `modules` = Auth AND `method` = Auth AND `action` = index AND `type` = 5 AND `is_del` = 2 LIMIT 1
2019-07-09 20:51:45 OUTPUT:SELECT * FROM `qdd_admin` WHERE `id` = 3 LIMIT 1
2019-07-09 20:51:45 OUTPUT:SELECT `id`,`parent`,`action`,`method`,`modules`,`name` FROM `qdd_auth_permission` WHERE `modules` = Auth AND `method` = Auth AND `action` = index AND `type` = 5 AND `is_del` = 2 LIMIT 1
2019-07-09 20:51:45 OUTPUT:SELECT * FROM `qdd_admin` WHERE `id` = 3 LIMIT 1
2019-07-09 20:51:45 OUTPUT:SELECT `id`,`parent`,`action`,`method`,`modules`,`name` FROM `qdd_auth_permission` WHERE `modules` = Auth AND `method` = Auth AND `action` = index AND `type` = 5 AND `is_del` = 2 LIMIT 1
2019-07-09 20:51:45 OUTPUT:SELECT * FROM `qdd_admin` WHERE `id` = 3 LIMIT 1
2019-07-09 20:51:45 OUTPUT:SELECT `id`,`parent`,`action`,`method`,`modules`,`name` FROM `qdd_auth_permission` WHERE `modules` = Auth AND `method` = Auth AND `action` = index AND `type` = 5 AND `is_del` = 2 LIMIT 1
2019-07-09 20:51:45 OUTPUT:SELECT * FROM `qdd_admin` WHERE `id` = 3 LIMIT 1
2019-07-09 20:55:26 OUTPUT:SELECT `id`,`parent`,`action`,`method`,`modules`,`name` FROM `qdd_auth_permission` WHERE `modules` = Index AND `method` = Index AND `action` = index AND `type` = 5 AND `is_del` = 2 LIMIT 1
2019-07-09 20:55:27 OUTPUT:SELECT * FROM `qdd_admin` WHERE `id` = 3 LIMIT 1
2019-07-09 20:55:27 OUTPUT:SELECT * FROM `qdd_admin` WHERE `id` = 3 LIMIT 1
2019-07-09 20:55:27 OUTPUT:SELECT * FROM `qdd_auth_permission` WHERE `parent` = 0 AND `is_del` = 2 AND `type` = 5 ORDER BY order_num asc 
2019-07-09 20:55:27 OUTPUT:SELECT `id`,`parent`,`action`,`method`,`modules`,`name` FROM `qdd_auth_permission` WHERE `modules` = Auth AND `method` = Auth AND `action` = index AND `type` = 5 AND `is_del` = 2 LIMIT 1
2019-07-09 20:55:27 OUTPUT:SELECT * FROM `qdd_admin` WHERE `id` = 3 LIMIT 1
2019-07-09 20:55:27 OUTPUT:SELECT `id`,`parent`,`action`,`method`,`modules`,`name` FROM `qdd_auth_permission` WHERE `modules` = Index AND `method` = Index AND `action` = index AND `type` = 5 AND `is_del` = 2 LIMIT 1
2019-07-09 20:55:27 OUTPUT:SELECT * FROM `qdd_admin` WHERE `id` = 3 LIMIT 1
2019-07-09 20:55:27 OUTPUT:SELECT * FROM `qdd_admin` WHERE `id` = 3 LIMIT 1
2019-07-09 20:55:27 OUTPUT:SELECT * FROM `qdd_auth_permission` WHERE `parent` = 0 AND `is_del` = 2 AND `type` = 5 ORDER BY order_num asc 
2019-07-09 20:55:27 OUTPUT:select a.* from qdd_auth_permission as a,qdd_auth_role_permission as b where b.role_id = 1 and b.permission_id = a.id and a.is_del = 2 and b.is_del = 2
2019-07-09 20:55:27 OUTPUT:SELECT * FROM `qdd_auth_permission` WHERE `parent` = 511 AND `is_del` = 2 AND `type` = 5 ORDER BY order_num asc 
2019-07-09 20:55:28 OUTPUT:SELECT `id`,`parent`,`action`,`method`,`modules`,`name` FROM `qdd_auth_permission` WHERE `modules` = Auth AND `method` = Auth AND `action` = index AND `type` = 5 AND `is_del` = 2 LIMIT 1
2019-07-09 20:55:28 OUTPUT:SELECT * FROM `qdd_admin` WHERE `id` = 3 LIMIT 1
2019-07-09 20:55:28 OUTPUT:SELECT `id`,`parent`,`action`,`method`,`modules`,`name` FROM `qdd_auth_permission` WHERE `modules` = Auth AND `method` = Auth AND `action` = index AND `type` = 5 AND `is_del` = 2 LIMIT 1
2019-07-09 20:55:28 OUTPUT:SELECT * FROM `qdd_admin` WHERE `id` = 3 LIMIT 1
2019-07-09 20:55:28 OUTPUT:SELECT `id`,`parent`,`action`,`method`,`modules`,`name` FROM `qdd_auth_permission` WHERE `modules` = Auth AND `method` = Auth AND `action` = index AND `type` = 5 AND `is_del` = 2 LIMIT 1
2019-07-09 20:55:29 OUTPUT:SELECT * FROM `qdd_admin` WHERE `id` = 3 LIMIT 1
2019-07-09 20:55:29 OUTPUT:SELECT `id`,`parent`,`action`,`method`,`modules`,`name` FROM `qdd_auth_permission` WHERE `modules` = Auth AND `method` = Auth AND `action` = index AND `type` = 5 AND `is_del` = 2 LIMIT 1
2019-07-09 20:55:29 OUTPUT:SELECT * FROM `qdd_admin` WHERE `id` = 3 LIMIT 1
2019-07-09 21:01:38 OUTPUT:SELECT `id`,`parent`,`action`,`method`,`modules`,`name` FROM `qdd_auth_permission` WHERE `modules` = Index AND `method` = Index AND `action` = index AND `type` = 5 AND `is_del` = 2 LIMIT 1
2019-07-09 21:01:39 OUTPUT:SELECT * FROM `qdd_admin` WHERE `id` = 3 LIMIT 1
2019-07-09 21:01:39 OUTPUT:SELECT * FROM `qdd_admin` WHERE `id` = 3 LIMIT 1
2019-07-09 21:01:39 OUTPUT:SELECT * FROM `qdd_auth_permission` WHERE `parent` = 0 AND `is_del` = 2 AND `type` = 5 ORDER BY order_num asc 
2019-07-09 21:01:39 OUTPUT:SELECT `id`,`parent`,`action`,`method`,`modules`,`name` FROM `qdd_auth_permission` WHERE `modules` = Auth AND `method` = Auth AND `action` = index AND `type` = 5 AND `is_del` = 2 LIMIT 1
2019-07-09 21:01:39 OUTPUT:SELECT * FROM `qdd_admin` WHERE `id` = 3 LIMIT 1
2019-07-09 21:01:39 OUTPUT:SELECT `id`,`parent`,`action`,`method`,`modules`,`name` FROM `qdd_auth_permission` WHERE `modules` = Index AND `method` = Index AND `action` = index AND `type` = 5 AND `is_del` = 2 LIMIT 1
2019-07-09 21:01:39 OUTPUT:SELECT * FROM `qdd_admin` WHERE `id` = 3 LIMIT 1
2019-07-09 21:01:39 OUTPUT:SELECT * FROM `qdd_admin` WHERE `id` = 3 LIMIT 1
2019-07-09 21:01:39 OUTPUT:SELECT * FROM `qdd_auth_permission` WHERE `parent` = 0 AND `is_del` = 2 AND `type` = 5 ORDER BY order_num asc 
2019-07-09 21:01:39 OUTPUT:select a.* from qdd_auth_permission as a,qdd_auth_role_permission as b where b.role_id = 1 and b.permission_id = a.id and a.is_del = 2 and b.is_del = 2
2019-07-09 21:01:39 OUTPUT:SELECT * FROM `qdd_auth_permission` WHERE `parent` = 511 AND `is_del` = 2 AND `type` = 5 ORDER BY order_num asc 
2019-07-09 21:01:39 OUTPUT:SELECT `id`,`parent`,`action`,`method`,`modules`,`name` FROM `qdd_auth_permission` WHERE `modules` = Auth AND `method` = Auth AND `action` = index AND `type` = 5 AND `is_del` = 2 LIMIT 1
2019-07-09 21:01:39 OUTPUT:SELECT * FROM `qdd_admin` WHERE `id` = 3 LIMIT 1
2019-07-09 21:01:39 OUTPUT:SELECT `id`,`parent`,`action`,`method`,`modules`,`name` FROM `qdd_auth_permission` WHERE `modules` = Auth AND `method` = Auth AND `action` = index AND `type` = 5 AND `is_del` = 2 LIMIT 1
2019-07-09 21:01:39 OUTPUT:SELECT * FROM `qdd_admin` WHERE `id` = 3 LIMIT 1
2019-07-09 21:07:10 OUTPUT:SELECT `id`,`parent`,`action`,`method`,`modules`,`name` FROM `qdd_auth_permission` WHERE `modules` = Index AND `method` = Index AND `action` = index AND `type` = 5 AND `is_del` = 2 LIMIT 1
2019-07-09 21:07:11 OUTPUT:SELECT * FROM `qdd_admin` WHERE `id` = 3 LIMIT 1
2019-07-09 21:07:11 OUTPUT:SELECT * FROM `qdd_admin` WHERE `id` = 3 LIMIT 1
2019-07-09 21:07:11 OUTPUT:SELECT * FROM `qdd_auth_permission` WHERE `parent` = 0 AND `is_del` = 2 AND `type` = 5 ORDER BY order_num asc 
2019-07-09 21:07:11 OUTPUT:SELECT `id`,`parent`,`action`,`method`,`modules`,`name` FROM `qdd_auth_permission` WHERE `modules` = Auth AND `method` = Auth AND `action` = index AND `type` = 5 AND `is_del` = 2 LIMIT 1
2019-07-09 21:07:11 OUTPUT:SELECT * FROM `qdd_admin` WHERE `id` = 3 LIMIT 1
2019-07-09 21:07:11 OUTPUT:SELECT `id`,`parent`,`action`,`method`,`modules`,`name` FROM `qdd_auth_permission` WHERE `modules` = Index AND `method` = Index AND `action` = index AND `type` = 5 AND `is_del` = 2 LIMIT 1
2019-07-09 21:07:11 OUTPUT:SELECT * FROM `qdd_admin` WHERE `id` = 3 LIMIT 1
2019-07-09 21:07:11 OUTPUT:SELECT * FROM `qdd_admin` WHERE `id` = 3 LIMIT 1
2019-07-09 21:07:11 OUTPUT:SELECT * FROM `qdd_auth_permission` WHERE `parent` = 0 AND `is_del` = 2 AND `type` = 5 ORDER BY order_num asc 
2019-07-09 21:07:11 OUTPUT:select a.* from qdd_auth_permission as a,qdd_auth_role_permission as b where b.role_id = 1 and b.permission_id = a.id and a.is_del = 2 and b.is_del = 2
2019-07-09 21:07:11 OUTPUT:SELECT * FROM `qdd_auth_permission` WHERE `parent` = 511 AND `is_del` = 2 AND `type` = 5 ORDER BY order_num asc 
2019-07-09 21:07:11 OUTPUT:SELECT `id`,`parent`,`action`,`method`,`modules`,`name` FROM `qdd_auth_permission` WHERE `modules` = Auth AND `method` = Auth AND `action` = index AND `type` = 5 AND `is_del` = 2 LIMIT 1
2019-07-09 21:07:11 OUTPUT:SELECT * FROM `qdd_admin` WHERE `id` = 3 LIMIT 1
2019-07-09 21:07:11 OUTPUT:SELECT `id`,`parent`,`action`,`method`,`modules`,`name` FROM `qdd_auth_permission` WHERE `modules` = Auth AND `method` = Auth AND `action` = index AND `type` = 5 AND `is_del` = 2 LIMIT 1
2019-07-09 21:07:11 OUTPUT:SELECT * FROM `qdd_admin` WHERE `id` = 3 LIMIT 1
2019-07-09 21:07:11 OUTPUT:SELECT `id`,`parent`,`action`,`method`,`modules`,`name` FROM `qdd_auth_permission` WHERE `modules` = Auth AND `method` = Auth AND `action` = index AND `type` = 5 AND `is_del` = 2 LIMIT 1
2019-07-09 21:07:11 OUTPUT:SELECT * FROM `qdd_admin` WHERE `id` = 3 LIMIT 1
2019-07-09 21:07:12 OUTPUT:SELECT `id`,`parent`,`action`,`method`,`modules`,`name` FROM `qdd_auth_permission` WHERE `modules` = Auth AND `method` = Auth AND `action` = index AND `type` = 5 AND `is_del` = 2 LIMIT 1
2019-07-09 21:07:12 OUTPUT:SELECT * FROM `qdd_admin` WHERE `id` = 3 LIMIT 1
2019-07-09 22:26:01 OUTPUT:SELECT `id`,`parent`,`action`,`method`,`modules`,`name` FROM `qdd_auth_permission` WHERE `modules` = Index AND `method` = Index AND `action` = index AND `type` = 5 AND `is_del` = 2 LIMIT 1
2019-07-09 22:26:02 OUTPUT:SELECT * FROM `qdd_admin` WHERE `id` = 3 LIMIT 1
2019-07-09 22:26:02 OUTPUT:SELECT * FROM `qdd_admin` WHERE `id` = 3 LIMIT 1
2019-07-09 22:26:02 OUTPUT:SELECT * FROM `qdd_auth_permission` WHERE `parent` = 0 AND `is_del` = 2 AND `type` = 5 ORDER BY order_num asc 
2019-07-09 22:26:03 OUTPUT:SELECT `id`,`parent`,`action`,`method`,`modules`,`name` FROM `qdd_auth_permission` WHERE `modules` = Auth AND `method` = Auth AND `action` = index AND `type` = 5 AND `is_del` = 2 LIMIT 1
2019-07-09 22:26:03 OUTPUT:SELECT * FROM `qdd_admin` WHERE `id` = 3 LIMIT 1
2019-07-09 22:26:03 OUTPUT:SELECT `id`,`parent`,`action`,`method`,`modules`,`name` FROM `qdd_auth_permission` WHERE `modules` = Index AND `method` = Index AND `action` = index AND `type` = 5 AND `is_del` = 2 LIMIT 1
2019-07-09 22:26:03 OUTPUT:SELECT * FROM `qdd_admin` WHERE `id` = 3 LIMIT 1
2019-07-09 22:26:03 OUTPUT:SELECT * FROM `qdd_admin` WHERE `id` = 3 LIMIT 1
2019-07-09 22:26:03 OUTPUT:SELECT * FROM `qdd_auth_permission` WHERE `parent` = 0 AND `is_del` = 2 AND `type` = 5 ORDER BY order_num asc 
2019-07-09 22:26:03 OUTPUT:select a.* from qdd_auth_permission as a,qdd_auth_role_permission as b where b.role_id = 1 and b.permission_id = a.id and a.is_del = 2 and b.is_del = 2
2019-07-09 22:26:03 OUTPUT:SELECT * FROM `qdd_auth_permission` WHERE `parent` = 511 AND `is_del` = 2 AND `type` = 5 ORDER BY order_num asc 
2019-07-09 22:26:03 OUTPUT:SELECT `id`,`parent`,`action`,`method`,`modules`,`name` FROM `qdd_auth_permission` WHERE `modules` = Auth AND `method` = Auth AND `action` = index AND `type` = 5 AND `is_del` = 2 LIMIT 1
2019-07-09 22:26:03 OUTPUT:SELECT * FROM `qdd_admin` WHERE `id` = 3 LIMIT 1
2019-07-09 22:26:03 OUTPUT:SELECT `id`,`parent`,`action`,`method`,`modules`,`name` FROM `qdd_auth_permission` WHERE `modules` = Auth AND `method` = Auth AND `action` = index AND `type` = 5 AND `is_del` = 2 LIMIT 1
2019-07-09 22:26:03 OUTPUT:SELECT * FROM `qdd_admin` WHERE `id` = 3 LIMIT 1
2019-07-09 22:26:04 OUTPUT:SELECT `id`,`parent`,`action`,`method`,`modules`,`name` FROM `qdd_auth_permission` WHERE `modules` = Auth AND `method` = Auth AND `action` = index AND `type` = 5 AND `is_del` = 2 LIMIT 1
2019-07-09 22:26:04 OUTPUT:SELECT * FROM `qdd_admin` WHERE `id` = 3 LIMIT 1
2019-07-09 22:26:04 OUTPUT:SELECT `id`,`parent`,`action`,`method`,`modules`,`name` FROM `qdd_auth_permission` WHERE `modules` = Auth AND `method` = Auth AND `action` = index AND `type` = 5 AND `is_del` = 2 LIMIT 1
2019-07-09 22:26:04 OUTPUT:SELECT * FROM `qdd_admin` WHERE `id` = 3 LIMIT 1
2019-07-09 23:03:14 OUTPUT:SELECT `id`,`parent`,`action`,`method`,`modules`,`name` FROM `qdd_auth_permission` WHERE `modules` = Index AND `method` = Index AND `action` = index AND `type` = 5 AND `is_del` = 2 LIMIT 1
2019-07-09 23:03:15 OUTPUT:SELECT * FROM `qdd_admin` WHERE `id` = 3 LIMIT 1
2019-07-09 23:03:15 OUTPUT:SELECT * FROM `qdd_admin` WHERE `id` = 3 LIMIT 1
2019-07-09 23:03:15 OUTPUT:SELECT * FROM `qdd_auth_permission` WHERE `parent` = 0 AND `is_del` = 2 AND `type` = 5 ORDER BY order_num asc 
2019-07-09 23:03:15 OUTPUT:SELECT `id`,`parent`,`action`,`method`,`modules`,`name` FROM `qdd_auth_permission` WHERE `modules` = Auth AND `method` = Auth AND `action` = index AND `type` = 5 AND `is_del` = 2 LIMIT 1
2019-07-09 23:03:15 OUTPUT:SELECT * FROM `qdd_admin` WHERE `id` = 3 LIMIT 1
2019-07-09 23:03:15 OUTPUT:SELECT `id`,`parent`,`action`,`method`,`modules`,`name` FROM `qdd_auth_permission` WHERE `modules` = Index AND `method` = Index AND `action` = index AND `type` = 5 AND `is_del` = 2 LIMIT 1
2019-07-09 23:03:15 OUTPUT:SELECT * FROM `qdd_admin` WHERE `id` = 3 LIMIT 1
2019-07-09 23:03:15 OUTPUT:SELECT * FROM `qdd_admin` WHERE `id` = 3 LIMIT 1
2019-07-09 23:03:15 OUTPUT:SELECT * FROM `qdd_auth_permission` WHERE `parent` = 0 AND `is_del` = 2 AND `type` = 5 ORDER BY order_num asc 
2019-07-09 23:03:15 OUTPUT:select a.* from qdd_auth_permission as a,qdd_auth_role_permission as b where b.role_id = 1 and b.permission_id = a.id and a.is_del = 2 and b.is_del = 2
2019-07-09 23:03:15 OUTPUT:SELECT * FROM `qdd_auth_permission` WHERE `parent` = 511 AND `is_del` = 2 AND `type` = 5 ORDER BY order_num asc 
2019-07-09 23:03:15 OUTPUT:SELECT `id`,`parent`,`action`,`method`,`modules`,`name` FROM `qdd_auth_permission` WHERE `modules` = Auth AND `method` = Auth AND `action` = index AND `type` = 5 AND `is_del` = 2 LIMIT 1
2019-07-09 23:03:15 OUTPUT:SELECT * FROM `qdd_admin` WHERE `id` = 3 LIMIT 1
2019-07-09 23:03:15 OUTPUT:SELECT `id`,`parent`,`action`,`method`,`modules`,`name` FROM `qdd_auth_permission` WHERE `modules` = Auth AND `method` = Auth AND `action` = index AND `type` = 5 AND `is_del` = 2 LIMIT 1
2019-07-09 23:03:15 OUTPUT:SELECT * FROM `qdd_admin` WHERE `id` = 3 LIMIT 1
2019-07-09 23:03:16 OUTPUT:SELECT `id`,`parent`,`action`,`method`,`modules`,`name` FROM `qdd_auth_permission` WHERE `modules` = Auth AND `method` = Auth AND `action` = index AND `type` = 5 AND `is_del` = 2 LIMIT 1
2019-07-09 23:03:16 OUTPUT:SELECT * FROM `qdd_admin` WHERE `id` = 3 LIMIT 1
2019-07-09 23:03:16 OUTPUT:SELECT `id`,`parent`,`action`,`method`,`modules`,`name` FROM `qdd_auth_permission` WHERE `modules` = Auth AND `method` = Auth AND `action` = index AND `type` = 5 AND `is_del` = 2 LIMIT 1
2019-07-09 23:03:16 OUTPUT:SELECT * FROM `qdd_admin` WHERE `id` = 3 LIMIT 1
